#
# There is insufficient memory for the Java Runtime Environment to continue.
# Native memory allocation (malloc) failed to allocate 1165696 bytes. Error detail: Chunk::new
# Possible reasons:
#   The system is out of physical RAM or swap space
#   This process is running with CompressedOops enabled, and the Java Heap may be blocking the growth of the native heap
# Possible solutions:
#   Reduce memory load on the system
#   Increase physical memory or swap space
#   Check if swap backing store is full
#   Decrease Java heap size (-Xmx/-Xms)
#   Decrease number of Java threads
#   Decrease Java thread stack sizes (-Xss)
#   Set larger code cache with -XX:ReservedCodeCacheSize=
#   JVM is running with Unscaled Compressed Oops mode in which the Java heap is
#     placed in the first 4GB address space. The Java Heap base address is the
#     maximum limit for the native heap growth. Please use -XX:HeapBaseMinAddress
#     to set the Java Heap base and to place the Java Heap above 4GB virtual address.
# This output file may be truncated or incomplete.
#
#  Out of Memory Error (arena.cpp:150), pid=31236, tid=12768
#
# JRE version: Java(TM) SE Runtime Environment (22.0.2+9) (build 22.0.2+9-70)
# Java VM: Java HotSpot(TM) 64-Bit Server VM (22.0.2+9-70, mixed mode, sharing, tiered, compressed oops, compressed class ptrs, g1 gc, windows-amd64)
# No core dump will be written. Minidumps are not enabled by default on client versions of Windows
#

---------------  S U M M A R Y ------------

Command Line: -javaagent:C:\Program Files\JetBrains\IntelliJ IDEA Community Edition 2025.1.1.1\lib\idea_rt.jar=61261 -Dfile.encoding=UTF-8 -Dsun.stdout.encoding=UTF-8 -Dsun.stderr.encoding=UTF-8 com.infosys.librarymanagement.LibrarymanagementApplication

Host: AMD Ryzen 5 5600H with Radeon Graphics         , 12 cores, 5G,  Windows 11 , 64 bit Build 22621 (10.0.22621.5413)
Time: Wed Jun 11 14:33:19 2025 India Standard Time elapsed time: 4.441794 seconds (0d 0h 0m 4s)

---------------  T H R E A D  ---------------

Current thread (0x0000018eccd9c3a0):  JavaThread "C2 CompilerThread0" daemon [_thread_in_native, id=12768, stack(0x0000001dd1900000,0x0000001dd1a00000) (1024K)]


Current CompileTask:
C2:4441 4517   !   4       org.springframework.core.annotation.AnnotationsScanner::processMethodHierarchy (276 bytes)

Stack: [0x0000001dd1900000,0x0000001dd1a00000]
Native frames: (J=compiled Java code, j=interpreted, Vv=VM code, C=native code)
V  [jvm.dll+0x6e26e9]  (no source info available)
V  [jvm.dll+0x875753]  (no source info available)
V  [jvm.dll+0x877b7e]  (no source info available)
V  [jvm.dll+0x878253]  (no source info available)
V  [jvm.dll+0x27fc86]  (no source info available)
V  [jvm.dll+0xc3d0f]  (no source info available)
V  [jvm.dll+0xc3f6b]  (no source info available)
V  [jvm.dll+0x2f3c7f]  (no source info available)
V  [jvm.dll+0x60c0fa]  (no source info available)
V  [jvm.dll+0x250c92]  (no source info available)
V  [jvm.dll+0x24937c]  (no source info available)
V  [jvm.dll+0x246da6]  (no source info available)
V  [jvm.dll+0x1c4e80]  (no source info available)
V  [jvm.dll+0x2568f3]  (no source info available)
V  [jvm.dll+0x254baa]  (no source info available)
V  [jvm.dll+0x3f57a6]  (no source info available)
V  [jvm.dll+0x81dc0b]  (no source info available)
V  [jvm.dll+0x6e0d85]  (no source info available)
C  [ucrtbase.dll+0x29333]  (no source info available)
C  [KERNEL32.DLL+0x1259d]  (no source info available)
C  [ntdll.dll+0x5af78]  (no source info available)


---------------  P R O C E S S  ---------------

Threads class SMR info:
_java_thread_list=0x0000018f14790370, length=19, elements={
0x0000018eb0b352d0, 0x0000018eccd8f2c0, 0x0000018eccd91090, 0x0000018eccd93d50,
0x0000018eccd968c0, 0x0000018eccd97450, 0x0000018eccd9b4e0, 0x0000018eccd9c3a0,
0x0000018eccd9ef90, 0x0000018eccd54bc0, 0x0000018f121bc5c0, 0x0000018f123114d0,
0x0000018f126d2e90, 0x0000018f1284e5a0, 0x0000018f136139b0, 0x0000018f136118e0,
0x0000018f136146d0, 0x0000018f13614040, 0x0000018f13611f70
}

Java Threads: ( => current thread )
  0x0000018eb0b352d0 JavaThread "main"                              [_thread_blocked, id=32004, stack(0x0000001dd0b00000,0x0000001dd0c00000) (1024K)]
  0x0000018eccd8f2c0 JavaThread "Reference Handler"          daemon [_thread_blocked, id=24108, stack(0x0000001dd1300000,0x0000001dd1400000) (1024K)]
  0x0000018eccd91090 JavaThread "Finalizer"                  daemon [_thread_blocked, id=26528, stack(0x0000001dd1400000,0x0000001dd1500000) (1024K)]
  0x0000018eccd93d50 JavaThread "Signal Dispatcher"          daemon [_thread_blocked, id=5572, stack(0x0000001dd1500000,0x0000001dd1600000) (1024K)]
  0x0000018eccd968c0 JavaThread "Attach Listener"            daemon [_thread_blocked, id=32528, stack(0x0000001dd1600000,0x0000001dd1700000) (1024K)]
  0x0000018eccd97450 JavaThread "Service Thread"             daemon [_thread_blocked, id=17168, stack(0x0000001dd1700000,0x0000001dd1800000) (1024K)]
  0x0000018eccd9b4e0 JavaThread "Monitor Deflation Thread"   daemon [_thread_blocked, id=20344, stack(0x0000001dd1800000,0x0000001dd1900000) (1024K)]
=>0x0000018eccd9c3a0 JavaThread "C2 CompilerThread0"         daemon [_thread_in_native, id=12768, stack(0x0000001dd1900000,0x0000001dd1a00000) (1024K)]
  0x0000018eccd9ef90 JavaThread "C1 CompilerThread0"         daemon [_thread_blocked, id=16740, stack(0x0000001dd1a00000,0x0000001dd1b00000) (1024K)]
  0x0000018eccd54bc0 JavaThread "Common-Cleaner"             daemon [_thread_blocked, id=21644, stack(0x0000001dd1b00000,0x0000001dd1c00000) (1024K)]
  0x0000018f121bc5c0 JavaThread "Monitor Ctrl-Break"         daemon [_thread_in_native, id=23864, stack(0x0000001dd1c00000,0x0000001dd1d00000) (1024K)]
  0x0000018f123114d0 JavaThread "Notification Thread"        daemon [_thread_blocked, id=31888, stack(0x0000001dd1d00000,0x0000001dd1e00000) (1024K)]
  0x0000018f126d2e90 JavaThread "Thread-0"                          [_thread_blocked, id=21480, stack(0x0000001dd1e00000,0x0000001dd1f00000) (1024K)]
  0x0000018f1284e5a0 JavaThread "restartedMain"                     [_thread_in_native, id=33176, stack(0x0000001dd1f00000,0x0000001dd2000000) (1024K)]
  0x0000018f136139b0 JavaThread "PostgreSQL-JDBC-Cleaner"    daemon [_thread_blocked, id=13708, stack(0x0000001dd2c00000,0x0000001dd2d00000) (1024K)]
  0x0000018f136118e0 JavaThread "HikariPool-1:housekeeper"   daemon [_thread_blocked, id=30652, stack(0x0000001dd2d00000,0x0000001dd2e00000) (1024K)]
  0x0000018f136146d0 JavaThread "HikariPool-1:connection-adder" daemon [_thread_in_native, id=33680, stack(0x0000001dd2e00000,0x0000001dd2f00000) (1024K)]
  0x0000018f13614040 JavaThread "File Watcher"               daemon [_thread_blocked, id=15664, stack(0x0000001dd2f00000,0x0000001dd3000000) (1024K)]
  0x0000018f13611f70 JavaThread "Live Reload Server"         daemon [_thread_in_native, id=22340, stack(0x0000001dd3100000,0x0000001dd3200000) (1024K)]
Total: 19

Other Threads:
  0x0000018eccd73830 VMThread "VM Thread"                           [id=28752, stack(0x0000001dd1200000,0x0000001dd1300000) (1024K)]
  0x0000018eccd53fd0 WatcherThread "VM Periodic Task Thread"        [id=14108, stack(0x0000001dd1100000,0x0000001dd1200000) (1024K)]
  0x0000018eb0b7e550 WorkerThread "GC Thread#0"                     [id=32380, stack(0x0000001dd0c00000,0x0000001dd0d00000) (1024K)]
  0x0000018f12b79440 WorkerThread "GC Thread#1"                     [id=22440, stack(0x0000001dd2000000,0x0000001dd2100000) (1024K)]
  0x0000018f12b797f0 WorkerThread "GC Thread#2"                     [id=10556, stack(0x0000001dd2100000,0x0000001dd2200000) (1024K)]
  0x0000018f12b79ba0 WorkerThread "GC Thread#3"                     [id=29128, stack(0x0000001dd2200000,0x0000001dd2300000) (1024K)]
  0x0000018f12b79f50 WorkerThread "GC Thread#4"                     [id=17148, stack(0x0000001dd2300000,0x0000001dd2400000) (1024K)]
  0x0000018f125f5e00 WorkerThread "GC Thread#5"                     [id=20852, stack(0x0000001dd2400000,0x0000001dd2500000) (1024K)]
  0x0000018f13501910 WorkerThread "GC Thread#6"                     [id=16300, stack(0x0000001dd2500000,0x0000001dd2600000) (1024K)]
  0x0000018f12ed7e10 WorkerThread "GC Thread#7"                     [id=33608, stack(0x0000001dd2600000,0x0000001dd2700000) (1024K)]
  0x0000018f12e21f70 WorkerThread "GC Thread#8"                     [id=13476, stack(0x0000001dd2700000,0x0000001dd2800000) (1024K)]
  0x0000018f13a7d2a0 WorkerThread "GC Thread#9"                     [id=29152, stack(0x0000001dd2800000,0x0000001dd2900000) (1024K)]
  0x0000018eb0b8b270 ConcurrentGCThread "G1 Main Marker"            [id=25724, stack(0x0000001dd0d00000,0x0000001dd0e00000) (1024K)]
  0x0000018eb0b8c520 WorkerThread "G1 Conc#0"                       [id=10560, stack(0x0000001dd0e00000,0x0000001dd0f00000) (1024K)]
  0x0000018f132b2280 WorkerThread "G1 Conc#1"                       [id=28616, stack(0x0000001dd2900000,0x0000001dd2a00000) (1024K)]
  0x0000018f132b2630 WorkerThread "G1 Conc#2"                       [id=32100, stack(0x0000001dd2a00000,0x0000001dd2b00000) (1024K)]
  0x0000018eccc26560 ConcurrentGCThread "G1 Refine#0"               [id=28196, stack(0x0000001dd0f00000,0x0000001dd1000000) (1024K)]
  0x0000018eccc270e0 ConcurrentGCThread "G1 Service"                [id=14944, stack(0x0000001dd1000000,0x0000001dd1100000) (1024K)]
Total: 18

Threads with active compile tasks:
C2 CompilerThread0  4536 4517   !   4       org.springframework.core.annotation.AnnotationsScanner::processMethodHierarchy (276 bytes)
Total: 1

VM state: not at safepoint (normal execution)

VM Mutex/Monitor currently owned by a thread: None

Heap address: 0x00000000a2400000, size: 1500 MB, Compressed Oops mode: 32-bit

CDS archive(s) mapped at: [0x0000018ecd000000-0x0000018ecdc60000-0x0000018ecdc60000), size 12976128, SharedBaseAddress: 0x0000018ecd000000, ArchiveRelocationMode: 1.
Compressed class space mapped at: 0x0000018ece000000-0x0000018f0e000000, reserved size: 1073741824
Narrow klass base: 0x0000018ecd000000, Narrow klass shift: 0, Narrow klass range: 0x41000000

GC Precious Log:
 CardTable entry size: 512
 Card Set container configuration: InlinePtr #cards 5 size 8 Array Of Cards #cards 12 size 40 Howl #buckets 4 coarsen threshold 1843 Howl Bitmap #cards 512 size 80 coarsen threshold 460 Card regions per heap region 1 cards per card region 2048
 CPUs: 12 total, 12 available
 Memory: 5996M
 Large Page Support: Disabled
 NUMA Support: Disabled
 Compressed Oops: Enabled (32-bit)
 Heap Region Size: 1M
 Heap Min Capacity: 8M
 Heap Initial Capacity: 94M
 Heap Max Capacity: 1500M
 Pre-touch: Disabled
 Parallel Workers: 10
 Concurrent Workers: 3
 Concurrent Refinement Workers: 10
 Periodic GC: Disabled

Heap:
 garbage-first heap   total reserved 1536000K, committed 59392K, used 45475K [0x00000000a2400000, 0x0000000100000000)
  region size 1024K, 30 young (30720K), 3 survivors (3072K)
 Metaspace       used 49889K, committed 50496K, reserved 1114112K
  class space    used 7152K, committed 7424K, reserved 1048576K

Heap Regions: E=young(eden), S=young(survivor), O=old, HS=humongous(starts), HC=humongous(continues), CS=collection set, F=free, TAMS=top-at-mark-start, PB=parsable bottom
|   0|0x00000000a2400000, 0x00000000a2500000, 0x00000000a2500000|100%|HS|  |TAMS 0x00000000a2400000| PB 0x00000000a2400000| Complete |  0
|   1|0x00000000a2500000, 0x00000000a2600000, 0x00000000a2600000|100%|HS|  |TAMS 0x00000000a2500000| PB 0x00000000a2500000| Complete |  0
|   2|0x00000000a2600000, 0x00000000a2700000, 0x00000000a2700000|100%| O|  |TAMS 0x00000000a2600000| PB 0x00000000a2600000| Untracked |  0
|   3|0x00000000a2700000, 0x00000000a2800000, 0x00000000a2800000|100%| O|  |TAMS 0x00000000a2700000| PB 0x00000000a2700000| Untracked |  0
|   4|0x00000000a2800000, 0x00000000a2900000, 0x00000000a2900000|100%| O|  |TAMS 0x00000000a2800000| PB 0x00000000a2800000| Untracked |  0
|   5|0x00000000a2900000, 0x00000000a2a00000, 0x00000000a2a00000|100%| O|  |TAMS 0x00000000a2900000| PB 0x00000000a2900000| Untracked |  0
|   6|0x00000000a2a00000, 0x00000000a2a00000, 0x00000000a2b00000|  0%| F|  |TAMS 0x00000000a2a00000| PB 0x00000000a2a00000| Untracked |  0
|   7|0x00000000a2b00000, 0x00000000a2c00000, 0x00000000a2c00000|100%| O|  |TAMS 0x00000000a2b00000| PB 0x00000000a2b00000| Untracked |  0
|   8|0x00000000a2c00000, 0x00000000a2d00000, 0x00000000a2d00000|100%| O|  |TAMS 0x00000000a2c00000| PB 0x00000000a2c00000| Untracked |  0
|   9|0x00000000a2d00000, 0x00000000a2e00000, 0x00000000a2e00000|100%| O|  |TAMS 0x00000000a2d00000| PB 0x00000000a2d00000| Untracked |  0
|  10|0x00000000a2e00000, 0x00000000a2e94280, 0x00000000a2f00000| 57%| O|  |TAMS 0x00000000a2e00000| PB 0x00000000a2e00000| Untracked |  0
|  11|0x00000000a2f00000, 0x00000000a2f00000, 0x00000000a3000000|  0%| F|  |TAMS 0x00000000a2f00000| PB 0x00000000a2f00000| Untracked |  0
|  12|0x00000000a3000000, 0x00000000a3000000, 0x00000000a3100000|  0%| F|  |TAMS 0x00000000a3000000| PB 0x00000000a3000000| Untracked |  0
|  13|0x00000000a3100000, 0x00000000a3100000, 0x00000000a3200000|  0%| F|  |TAMS 0x00000000a3100000| PB 0x00000000a3100000| Untracked |  0
|  14|0x00000000a3200000, 0x00000000a3200000, 0x00000000a3300000|  0%| F|  |TAMS 0x00000000a3200000| PB 0x00000000a3200000| Untracked |  0
|  15|0x00000000a3300000, 0x00000000a3300000, 0x00000000a3400000|  0%| F|  |TAMS 0x00000000a3300000| PB 0x00000000a3300000| Untracked |  0
|  16|0x00000000a3400000, 0x00000000a3400000, 0x00000000a3500000|  0%| F|  |TAMS 0x00000000a3400000| PB 0x00000000a3400000| Untracked |  0
|  17|0x00000000a3500000, 0x00000000a35d4c98, 0x00000000a3600000| 83%| S|CS|TAMS 0x00000000a3500000| PB 0x00000000a3500000| Complete |  0
|  18|0x00000000a3600000, 0x00000000a3700000, 0x00000000a3700000|100%| S|CS|TAMS 0x00000000a3600000| PB 0x00000000a3600000| Complete |  0
|  19|0x00000000a3700000, 0x00000000a3800000, 0x00000000a3800000|100%| S|CS|TAMS 0x00000000a3700000| PB 0x00000000a3700000| Complete |  0
|  20|0x00000000a3800000, 0x00000000a3800000, 0x00000000a3900000|  0%| F|  |TAMS 0x00000000a3800000| PB 0x00000000a3800000| Untracked |  0
|  21|0x00000000a3900000, 0x00000000a3900000, 0x00000000a3a00000|  0%| F|  |TAMS 0x00000000a3900000| PB 0x00000000a3900000| Untracked |  0
|  22|0x00000000a3a00000, 0x00000000a3a00000, 0x00000000a3b00000|  0%| F|  |TAMS 0x00000000a3a00000| PB 0x00000000a3a00000| Untracked |  0
|  23|0x00000000a3b00000, 0x00000000a3b00000, 0x00000000a3c00000|  0%| F|  |TAMS 0x00000000a3b00000| PB 0x00000000a3b00000| Untracked |  0
|  24|0x00000000a3c00000, 0x00000000a3c8e2a8, 0x00000000a3d00000| 55%| E|  |TAMS 0x00000000a3c00000| PB 0x00000000a3c00000| Complete |  0
|  25|0x00000000a3d00000, 0x00000000a3e00000, 0x00000000a3e00000|100%| E|CS|TAMS 0x00000000a3d00000| PB 0x00000000a3d00000| Complete |  0
|  26|0x00000000a3e00000, 0x00000000a3f00000, 0x00000000a3f00000|100%| E|  |TAMS 0x00000000a3e00000| PB 0x00000000a3e00000| Complete |  0
|  27|0x00000000a3f00000, 0x00000000a4000000, 0x00000000a4000000|100%| E|CS|TAMS 0x00000000a3f00000| PB 0x00000000a3f00000| Complete |  0
|  28|0x00000000a4000000, 0x00000000a4100000, 0x00000000a4100000|100%| E|CS|TAMS 0x00000000a4000000| PB 0x00000000a4000000| Complete |  0
|  29|0x00000000a4100000, 0x00000000a4200000, 0x00000000a4200000|100%| E|CS|TAMS 0x00000000a4100000| PB 0x00000000a4100000| Complete |  0
|  30|0x00000000a4200000, 0x00000000a4300000, 0x00000000a4300000|100%| E|CS|TAMS 0x00000000a4200000| PB 0x00000000a4200000| Complete |  0
|  31|0x00000000a4300000, 0x00000000a4400000, 0x00000000a4400000|100%| E|CS|TAMS 0x00000000a4300000| PB 0x00000000a4300000| Complete |  0
|  32|0x00000000a4400000, 0x00000000a4500000, 0x00000000a4500000|100%| E|CS|TAMS 0x00000000a4400000| PB 0x00000000a4400000| Complete |  0
|  33|0x00000000a4500000, 0x00000000a4600000, 0x00000000a4600000|100%| E|CS|TAMS 0x00000000a4500000| PB 0x00000000a4500000| Complete |  0
|  34|0x00000000a4600000, 0x00000000a4700000, 0x00000000a4700000|100%| E|CS|TAMS 0x00000000a4600000| PB 0x00000000a4600000| Complete |  0
|  35|0x00000000a4700000, 0x00000000a4800000, 0x00000000a4800000|100%| E|CS|TAMS 0x00000000a4700000| PB 0x00000000a4700000| Complete |  0
|  36|0x00000000a4800000, 0x00000000a4900000, 0x00000000a4900000|100%| E|CS|TAMS 0x00000000a4800000| PB 0x00000000a4800000| Complete |  0
|  37|0x00000000a4900000, 0x00000000a4a00000, 0x00000000a4a00000|100%| E|CS|TAMS 0x00000000a4900000| PB 0x00000000a4900000| Complete |  0
|  38|0x00000000a4a00000, 0x00000000a4b00000, 0x00000000a4b00000|100%| E|CS|TAMS 0x00000000a4a00000| PB 0x00000000a4a00000| Complete |  0
|  39|0x00000000a4b00000, 0x00000000a4c00000, 0x00000000a4c00000|100%| E|CS|TAMS 0x00000000a4b00000| PB 0x00000000a4b00000| Complete |  0
|  40|0x00000000a4c00000, 0x00000000a4d00000, 0x00000000a4d00000|100%| E|CS|TAMS 0x00000000a4c00000| PB 0x00000000a4c00000| Complete |  0
|  41|0x00000000a4d00000, 0x00000000a4e00000, 0x00000000a4e00000|100%| E|CS|TAMS 0x00000000a4d00000| PB 0x00000000a4d00000| Complete |  0
|  42|0x00000000a4e00000, 0x00000000a4f00000, 0x00000000a4f00000|100%| E|CS|TAMS 0x00000000a4e00000| PB 0x00000000a4e00000| Complete |  0
|  43|0x00000000a4f00000, 0x00000000a5000000, 0x00000000a5000000|100%| E|CS|TAMS 0x00000000a4f00000| PB 0x00000000a4f00000| Complete |  0
|  44|0x00000000a5000000, 0x00000000a5100000, 0x00000000a5100000|100%| E|CS|TAMS 0x00000000a5000000| PB 0x00000000a5000000| Complete |  0
|  45|0x00000000a5100000, 0x00000000a5200000, 0x00000000a5200000|100%| E|CS|TAMS 0x00000000a5100000| PB 0x00000000a5100000| Complete |  0
|  46|0x00000000a5200000, 0x00000000a5300000, 0x00000000a5300000|100%| E|CS|TAMS 0x00000000a5200000| PB 0x00000000a5200000| Complete |  0
|  47|0x00000000a5300000, 0x00000000a5400000, 0x00000000a5400000|100%| E|CS|TAMS 0x00000000a5300000| PB 0x00000000a5300000| Complete |  0
|  48|0x00000000a5400000, 0x00000000a5500000, 0x00000000a5500000|100%| E|CS|TAMS 0x00000000a5400000| PB 0x00000000a5400000| Complete |  0
|  49|0x00000000a5500000, 0x00000000a5600000, 0x00000000a5600000|100%| E|CS|TAMS 0x00000000a5500000| PB 0x00000000a5500000| Complete |  0
|  93|0x00000000a8100000, 0x00000000a8200000, 0x00000000a8200000|100%| E|CS|TAMS 0x00000000a8100000| PB 0x00000000a8100000| Complete |  0
|1493|0x00000000ff900000, 0x00000000ffa00000, 0x00000000ffa00000|100%| O|  |TAMS 0x00000000ff900000| PB 0x00000000ff900000| Untracked |  0
|1494|0x00000000ffa00000, 0x00000000ffb00000, 0x00000000ffb00000|100%| O|Cm|TAMS 0x00000000ffa00000| PB 0x00000000ffa00000| Complete |  0
|1495|0x00000000ffb00000, 0x00000000ffc00000, 0x00000000ffc00000|100%| O|  |TAMS 0x00000000ffb00000| PB 0x00000000ffb00000| Untracked |  0
|1496|0x00000000ffc00000, 0x00000000ffd00000, 0x00000000ffd00000|100%| O|  |TAMS 0x00000000ffc00000| PB 0x00000000ffc00000| Untracked |  0
|1497|0x00000000ffd00000, 0x00000000ffe00000, 0x00000000ffe00000|100%| O|  |TAMS 0x00000000ffd00000| PB 0x00000000ffd00000| Untracked |  0
|1498|0x00000000ffe00000, 0x00000000fff00000, 0x00000000fff00000|100%| O|  |TAMS 0x00000000ffe00000| PB 0x00000000ffe00000| Untracked |  0
|1499|0x00000000fff00000, 0x0000000100000000, 0x0000000100000000|100%| O|  |TAMS 0x00000000fff00000| PB 0x00000000fff00000| Untracked |  0

Card table byte_map: [0x0000018ec86c0000,0x0000018ec89b0000] _byte_map_base: 0x0000018ec81ae000

Marking Bits: (CMBitMap*) 0x0000018eb0b7ec60
 Bits: [0x0000018ec89b0000, 0x0000018eca120000)

Polling page: 0x0000018eaeac0000

Metaspace:

Usage:
  Non-class:     41.74 MB used.
      Class:      6.98 MB used.
       Both:     48.72 MB used.

Virtual space:
  Non-class space:       64.00 MB reserved,      42.06 MB ( 66%) committed,  1 nodes.
      Class space:        1.00 GB reserved,       7.25 MB ( <1%) committed,  1 nodes.
             Both:        1.06 GB reserved,      49.31 MB (  5%) committed. 

Chunk freelists:
   Non-Class:  5.89 MB
       Class:  8.79 MB
        Both:  14.68 MB

MaxMetaspaceSize: unlimited
CompressedClassSpaceSize: 1.00 GB
Initial GC threshold: 21.00 MB
Current GC threshold: 59.50 MB
CDS: on
 - commit_granule_bytes: 65536.
 - commit_granule_words: 8192.
 - virtual_space_node_default_size: 8388608.
 - enlarge_chunks_in_place: 1.
 - use_allocation_guard: 0.


Internal statistics:

num_allocs_failed_limit: 9.
num_arena_births: 758.
num_arena_deaths: 0.
num_vsnodes_births: 2.
num_vsnodes_deaths: 0.
num_space_committed: 789.
num_space_uncommitted: 0.
num_chunks_returned_to_freelist: 9.
num_chunks_taken_from_freelist: 2614.
num_chunk_merges: 9.
num_chunk_splits: 1842.
num_chunks_enlarged: 1374.
num_inconsistent_stats: 0.

CodeHeap 'non-profiled nmethods': size=120000Kb used=2102Kb max_used=2102Kb free=117897Kb
 bounds [0x0000018ec0950000, 0x0000018ec0bc0000, 0x0000018ec7e80000]
CodeHeap 'profiled nmethods': size=120000Kb used=8107Kb max_used=8107Kb free=111893Kb
 bounds [0x0000018eb8e80000, 0x0000018eb9670000, 0x0000018ec03b0000]
CodeHeap 'non-nmethods': size=5760Kb used=1622Kb max_used=1657Kb free=4137Kb
 bounds [0x0000018ec03b0000, 0x0000018ec0620000, 0x0000018ec0950000]
 total_blobs=4855 nmethods=4187 adapters=572
 compilation: enabled
              stopped_count=0, restarted_count=0
 full_count=0

Compilation events (20 events):
Event: 4.430 Thread 0x0000018eccd9ef90 4623       3       java.lang.invoke.MethodType::makeImpl (109 bytes)
Event: 4.431 Thread 0x0000018eccd9ef90 nmethod 4623 0x0000018eb8f50b90 code [0x0000018eb8f50ee0, 0x0000018eb8f523a0]
Event: 4.433 Thread 0x0000018eccd9ef90 4625       2       org.springframework.core.MethodClassKey::equals (51 bytes)
Event: 4.433 Thread 0x0000018eccd9ef90 nmethod 4625 0x0000018eb8f50690 code [0x0000018eb8f50840, 0x0000018eb8f50a70]
Event: 4.433 Thread 0x0000018eccd9ef90 4626   !   3       java.util.concurrent.ConcurrentHashMap::putVal (432 bytes)
Event: 4.434 Thread 0x0000018eccd9ef90 nmethod 4626 0x0000018eb8f37e10 code [0x0000018eb8f38180, 0x0000018eb8f39bc8]
Event: 4.434 Thread 0x0000018eccd9ef90 4627       2       java.util.concurrent.ConcurrentHashMap$KeySetView::remove (17 bytes)
Event: 4.434 Thread 0x0000018eccd9ef90 nmethod 4627 0x0000018eb8f50290 code [0x0000018eb8f50440, 0x0000018eb8f50598]
Event: 4.435 Thread 0x0000018eccd9ef90 4628       2       org.springframework.core.annotation.AnnotatedElementUtils::findMergedAnnotation (59 bytes)
Event: 4.436 Thread 0x0000018eccd9ef90 nmethod 4628 0x0000018eb8f4f790 code [0x0000018eb8f4f9e0, 0x0000018eb8f4ff88]
Event: 4.436 Thread 0x0000018eccd9ef90 4629       2       org.springframework.core.annotation.AnnotatedElementUtils$$Lambda/0x0000018ece6d0900::test (10 bytes)
Event: 4.436 Thread 0x0000018eccd9ef90 nmethod 4629 0x0000018eb8f4f390 code [0x0000018eb8f4f540, 0x0000018eb8f4f6d0]
Event: 4.436 Thread 0x0000018eccd9ef90 4630       2       org.springframework.core.MethodIntrospector$$Lambda/0x0000018ece730a28::doWith (17 bytes)
Event: 4.436 Thread 0x0000018eccd9ef90 nmethod 4630 0x0000018eb8f4f010 code [0x0000018eb8f4f1a0, 0x0000018eb8f4f2e0]
Event: 4.436 Thread 0x0000018eccd9ef90 4631       2       org.springframework.core.MethodIntrospector::lambda$selectMethods$0 (84 bytes)
Event: 4.436 Thread 0x0000018eccd9ef90 nmethod 4631 0x0000018eb8f4e710 code [0x0000018eb8f4e920, 0x0000018eb8f4ed30]
Event: 4.436 Thread 0x0000018eccd9ef90 4632       2       org.springframework.context.event.EventListenerMethodProcessor$$Lambda/0x0000018ece730610::inspect (5 bytes)
Event: 4.436 Thread 0x0000018eccd9ef90 nmethod 4632 0x0000018eb8f37a10 code [0x0000018eb8f37bc0, 0x0000018eb8f37d48]
Event: 4.437 Thread 0x0000018eccd9ef90 4633   !   3       org.springframework.util.ConcurrentReferenceHashMap$Segment::clear (69 bytes)
Event: 4.438 Thread 0x0000018eccd9ef90 nmethod 4633 0x0000018eb8f36890 code [0x0000018eb8f36ae0, 0x0000018eb8f37610]

GC Heap History (14 events):
Event: 0.814 GC heap before
{Heap before GC invocations=0 (full 0):
 garbage-first heap   total reserved 1536000K, committed 96256K, used 25600K [0x00000000a2400000, 0x0000000100000000)
  region size 1024K, 24 young (24576K), 0 survivors (0K)
 Metaspace       used 6388K, committed 6656K, reserved 1114112K
  class space    used 758K, committed 896K, reserved 1048576K
}
Event: 0.821 GC heap after
{Heap after GC invocations=1 (full 0):
 garbage-first heap   total reserved 1536000K, committed 96256K, used 7247K [0x00000000a2400000, 0x0000000100000000)
  region size 1024K, 3 young (3072K), 3 survivors (3072K)
 Metaspace       used 6388K, committed 6656K, reserved 1114112K
  class space    used 758K, committed 896K, reserved 1048576K
}
Event: 1.426 GC heap before
{Heap before GC invocations=1 (full 0):
 garbage-first heap   total reserved 1536000K, committed 96256K, used 38991K [0x00000000a2400000, 0x0000000100000000)
  region size 1024K, 35 young (35840K), 3 survivors (3072K)
 Metaspace       used 14847K, committed 15232K, reserved 1114112K
  class space    used 2010K, committed 2176K, reserved 1048576K
}
Event: 1.432 GC heap after
{Heap after GC invocations=2 (full 0):
 garbage-first heap   total reserved 1536000K, committed 96256K, used 9804K [0x00000000a2400000, 0x0000000100000000)
  region size 1024K, 3 young (3072K), 3 survivors (3072K)
 Metaspace       used 14847K, committed 15232K, reserved 1114112K
  class space    used 2010K, committed 2176K, reserved 1048576K
}
Event: 2.161 GC heap before
{Heap before GC invocations=2 (full 0):
 garbage-first heap   total reserved 1536000K, committed 96256K, used 49740K [0x00000000a2400000, 0x0000000100000000)
  region size 1024K, 44 young (45056K), 3 survivors (3072K)
 Metaspace       used 21035K, committed 21504K, reserved 1114112K
  class space    used 2857K, committed 3072K, reserved 1048576K
}
Event: 2.166 GC heap after
{Heap after GC invocations=3 (full 0):
 garbage-first heap   total reserved 1536000K, committed 96256K, used 13694K [0x00000000a2400000, 0x0000000100000000)
  region size 1024K, 7 young (7168K), 7 survivors (7168K)
 Metaspace       used 21035K, committed 21504K, reserved 1114112K
  class space    used 2857K, committed 3072K, reserved 1048576K
}
Event: 3.041 GC heap before
{Heap before GC invocations=4 (full 0):
 garbage-first heap   total reserved 1536000K, committed 48128K, used 47486K [0x00000000a2400000, 0x0000000100000000)
  region size 1024K, 40 young (40960K), 7 survivors (7168K)
 Metaspace       used 30588K, committed 31104K, reserved 1114112K
  class space    used 4269K, committed 4480K, reserved 1048576K
}
Event: 3.047 GC heap after
{Heap after GC invocations=5 (full 0):
 garbage-first heap   total reserved 1536000K, committed 59392K, used 16913K [0x00000000a2400000, 0x0000000100000000)
  region size 1024K, 4 young (4096K), 4 survivors (4096K)
 Metaspace       used 30588K, committed 31104K, reserved 1114112K
  class space    used 4269K, committed 4480K, reserved 1048576K
}
Event: 3.401 GC heap before
{Heap before GC invocations=5 (full 0):
 garbage-first heap   total reserved 1536000K, committed 59392K, used 37393K [0x00000000a2400000, 0x0000000100000000)
  region size 1024K, 25 young (25600K), 4 survivors (4096K)
 Metaspace       used 35689K, committed 36096K, reserved 1114112K
  class space    used 4942K, committed 5120K, reserved 1048576K
}
Event: 3.405 GC heap after
{Heap after GC invocations=6 (full 0):
 garbage-first heap   total reserved 1536000K, committed 59392K, used 18352K [0x00000000a2400000, 0x0000000100000000)
  region size 1024K, 2 young (2048K), 2 survivors (2048K)
 Metaspace       used 35689K, committed 36096K, reserved 1114112K
  class space    used 4942K, committed 5120K, reserved 1048576K
}
Event: 3.422 GC heap before
{Heap before GC invocations=6 (full 0):
 garbage-first heap   total reserved 1536000K, committed 59392K, used 18352K [0x00000000a2400000, 0x0000000100000000)
  region size 1024K, 3 young (3072K), 2 survivors (2048K)
 Metaspace       used 35972K, committed 36416K, reserved 1114112K
  class space    used 4968K, committed 5184K, reserved 1048576K
}
Event: 3.423 GC heap after
{Heap after GC invocations=7 (full 0):
 garbage-first heap   total reserved 1536000K, committed 59392K, used 18290K [0x00000000a2400000, 0x0000000100000000)
  region size 1024K, 2 young (2048K), 2 survivors (2048K)
 Metaspace       used 35972K, committed 36416K, reserved 1114112K
  class space    used 4968K, committed 5184K, reserved 1048576K
}
Event: 3.972 GC heap before
{Heap before GC invocations=8 (full 0):
 garbage-first heap   total reserved 1536000K, committed 59392K, used 46962K [0x00000000a2400000, 0x0000000100000000)
  region size 1024K, 31 young (31744K), 2 survivors (2048K)
 Metaspace       used 44638K, committed 45184K, reserved 1114112K
  class space    used 6443K, committed 6656K, reserved 1048576K
}
Event: 3.974 GC heap after
{Heap after GC invocations=9 (full 0):
 garbage-first heap   total reserved 1536000K, committed 59392K, used 19875K [0x00000000a2400000, 0x0000000100000000)
  region size 1024K, 3 young (3072K), 3 survivors (3072K)
 Metaspace       used 44638K, committed 45184K, reserved 1114112K
  class space    used 6443K, committed 6656K, reserved 1048576K
}

Dll operation events (13 events):
Event: 0.026 Loaded shared library C:\Program Files\Java\jdk-22\bin\java.dll
Event: 0.089 Loaded shared library C:\Program Files\Java\jdk-22\bin\jsvml.dll
Event: 0.195 Loaded shared library C:\Program Files\Java\jdk-22\bin\zip.dll
Event: 0.199 Loaded shared library C:\Program Files\Java\jdk-22\bin\instrument.dll
Event: 0.203 Loaded shared library C:\Program Files\Java\jdk-22\bin\net.dll
Event: 0.205 Loaded shared library C:\Program Files\Java\jdk-22\bin\nio.dll
Event: 0.207 Loaded shared library C:\Program Files\Java\jdk-22\bin\zip.dll
Event: 0.333 Loaded shared library C:\Program Files\Java\jdk-22\bin\extnet.dll
Event: 0.368 Loaded shared library C:\Program Files\Java\jdk-22\bin\jimage.dll
Event: 0.596 Loaded shared library C:\Program Files\Java\jdk-22\bin\management.dll
Event: 0.601 Loaded shared library C:\Program Files\Java\jdk-22\bin\management_ext.dll
Event: 1.063 Loaded shared library C:\Program Files\Java\jdk-22\bin\le.dll
Event: 2.582 Loaded shared library C:\Program Files\Java\jdk-22\bin\verify.dll

Deoptimization events (20 events):
Event: 4.426 Thread 0x0000018f1284e5a0 Uncommon trap: trap_request=0xffffff45 fr.pc=0x0000018ec0af9074 relative=0x00000000000001d4
Event: 4.426 Thread 0x0000018f1284e5a0 Uncommon trap: reason=unstable_if action=reinterpret pc=0x0000018ec0af9074 method=java.lang.invoke.MethodType.equals(Ljava/lang/invoke/MethodType;)Z @ 8 c2
Event: 4.426 Thread 0x0000018f1284e5a0 DEOPT PACKING pc=0x0000018ec0af9074 sp=0x0000001dd1ffded0
Event: 4.426 Thread 0x0000018f1284e5a0 DEOPT UNPACKING pc=0x0000018ec04046a2 sp=0x0000001dd1ffdde8 mode 2
Event: 4.426 Thread 0x0000018f1284e5a0 Uncommon trap: trap_request=0xffffff45 fr.pc=0x0000018ec0a0da24 relative=0x0000000000005e84
Event: 4.426 Thread 0x0000018f1284e5a0 Uncommon trap: reason=unstable_if action=reinterpret pc=0x0000018ec0a0da24 method=java.util.concurrent.ConcurrentHashMap.get(Ljava/lang/Object;)Ljava/lang/Object; @ 76 c2
Event: 4.426 Thread 0x0000018f1284e5a0 DEOPT PACKING pc=0x0000018ec0a0da24 sp=0x0000001dd1ffdf00
Event: 4.426 Thread 0x0000018f1284e5a0 DEOPT UNPACKING pc=0x0000018ec04046a2 sp=0x0000001dd1ffddb0 mode 2
Event: 4.426 Thread 0x0000018f1284e5a0 Uncommon trap: trap_request=0xffffff45 fr.pc=0x0000018ec0991a0c relative=0x0000000000000f0c
Event: 4.426 Thread 0x0000018f1284e5a0 Uncommon trap: reason=unstable_if action=reinterpret pc=0x0000018ec0991a0c method=java.util.concurrent.ConcurrentHashMap.putVal(Ljava/lang/Object;Ljava/lang/Object;Z)Ljava/lang/Object; @ 162 c2
Event: 4.426 Thread 0x0000018f1284e5a0 DEOPT PACKING pc=0x0000018ec0991a0c sp=0x0000001dd1ffdcd0
Event: 4.426 Thread 0x0000018f1284e5a0 DEOPT UNPACKING pc=0x0000018ec04046a2 sp=0x0000001dd1ffdc58 mode 2
Event: 4.437 Thread 0x0000018f1284e5a0 Uncommon trap: trap_request=0xffffff45 fr.pc=0x0000018ec09bbb0c relative=0x000000000000006c
Event: 4.437 Thread 0x0000018f1284e5a0 Uncommon trap: reason=unstable_if action=reinterpret pc=0x0000018ec09bbb0c method=org.springframework.util.ConcurrentReferenceHashMap$Segment.clear()V @ 7 c2
Event: 4.437 Thread 0x0000018f1284e5a0 DEOPT PACKING pc=0x0000018ec09bbb0c sp=0x0000001dd1ffeed0
Event: 4.437 Thread 0x0000018f1284e5a0 DEOPT UNPACKING pc=0x0000018ec04046a2 sp=0x0000001dd1ffee60 mode 2
Event: 4.439 Thread 0x0000018f1284e5a0 Uncommon trap: trap_request=0xffffff45 fr.pc=0x0000018ec09c6038 relative=0x00000000000000f8
Event: 4.439 Thread 0x0000018f1284e5a0 Uncommon trap: reason=unstable_if action=reinterpret pc=0x0000018ec09c6038 method=java.lang.ref.ReferenceQueue.poll()Ljava/lang/ref/Reference; @ 4 c2
Event: 4.439 Thread 0x0000018f1284e5a0 DEOPT PACKING pc=0x0000018ec09c6038 sp=0x0000001dd1ffebf0
Event: 4.439 Thread 0x0000018f1284e5a0 DEOPT UNPACKING pc=0x0000018ec04046a2 sp=0x0000001dd1ffeab8 mode 2

Classes loaded (20 events):
Event: 4.307 Loading class java/util/regex/Pattern$Neg
Event: 4.308 Loading class java/util/regex/Pattern$Neg done
Event: 4.308 Loading class java/util/regex/Pattern$Behind
Event: 4.308 Loading class java/util/regex/Pattern$Behind done
Event: 4.348 Loading class java/lang/classfile/ClassBuilder
Event: 4.348 Loading class java/lang/classfile/ClassFileBuilder
Event: 4.349 Loading class java/lang/classfile/ClassFileBuilder done
Event: 4.349 Loading class java/lang/classfile/ClassBuilder done
Event: 4.349 Loading class java/lang/classfile/ClassElement
Event: 4.349 Loading class java/lang/classfile/ClassFileElement
Event: 4.349 Loading class java/lang/classfile/ClassFileElement done
Event: 4.349 Loading class java/lang/classfile/ClassElement done
Event: 4.403 Loading class java/security/KeyStoreException
Event: 4.403 Loading class java/security/KeyStoreException done
Event: 4.403 Loading class java/security/UnrecoverableKeyException
Event: 4.403 Loading class java/security/UnrecoverableEntryException
Event: 4.403 Loading class java/security/UnrecoverableEntryException done
Event: 4.403 Loading class java/security/UnrecoverableKeyException done
Event: 4.428 Loading class java/net/ServerSocket
Event: 4.429 Loading class java/net/ServerSocket done

Classes unloaded (0 events):
No events

Classes redefined (0 events):
No events

Internal exceptions (20 events):
Event: 3.867 Thread 0x0000018f1284e5a0 Exception <a 'java/lang/NoSuchMethodError'{0x00000000a3e45da0}: 'void java.lang.invoke.DirectMethodHandle$Holder.invokeSpecial(java.lang.Object, java.lang.Object, int, java.lang.Object)'> (0x00000000a3e45da0) 
thrown [s\open\src\hotspot\share\interpreter\linkResolver.cpp, line 774]
Event: 3.867 Thread 0x0000018f1284e5a0 Exception <a 'java/lang/NoSuchMethodError'{0x00000000a3e4c0e8}: 'java.lang.Object java.lang.invoke.DirectMethodHandle$Holder.newInvokeSpecial(java.lang.Object, java.lang.Object, int)'> (0x00000000a3e4c0e8) 
thrown [s\open\src\hotspot\share\interpreter\linkResolver.cpp, line 774]
Event: 3.888 Thread 0x0000018f1284e5a0 Exception <a 'java/lang/NoSuchMethodError'{0x00000000a3d99db0}: 'int java.lang.invoke.DirectMethodHandle$Holder.invokeStatic(java.lang.Object, int, java.lang.Object)'> (0x00000000a3d99db0) 
thrown [s\open\src\hotspot\share\interpreter\linkResolver.cpp, line 774]
Event: 3.890 Thread 0x0000018f1284e5a0 Exception <a 'java/lang/NoSuchMethodError'{0x00000000a3db73c8}: 'java.lang.Object java.lang.invoke.DirectMethodHandle$Holder.newInvokeSpecial(java.lang.Object, java.lang.Object, java.lang.Object, java.lang.Object, java.lang.Object, int, java.lang.Object)'> (0x00000000a3db73c8) 
thrown [s\open\src\hotspot\share\interpreter\linkResolver.cpp, line 774]
Event: 3.892 Thread 0x0000018f1284e5a0 Exception <a 'java/lang/NoSuchMethodError'{0x00000000a3de8368}: 'java.lang.Object java.lang.invoke.Invokers$Holder.linkToTargetMethod(java.lang.Object, java.lang.Object, java.lang.Object, java.lang.Object, java.lang.Object, java.lang.Object, java.lang.Object, java.lang.Object, java.lang.Object, java.lang.Object, java.lang.Object, java.lang.Object)'> (0x00000000a3de8368) 
thrown [s\open\src\hotspot\share\interpreter\linkResolver.cpp, line 774]
Event: 3.916 Thread 0x0000018f1284e5a0 Exception <a 'java/lang/IncompatibleClassChangeError'{0x00000000a3b558b0}: Found class java.lang.Object, but interface was expected> (0x00000000a3b558b0) 
thrown [s\open\src\hotspot\share\interpreter\linkResolver.cpp, line 841]
Event: 3.923 Thread 0x0000018f1284e5a0 Exception <a 'java/lang/NoSuchMethodError'{0x00000000a3bcc518}: 'java.lang.Object java.lang.invoke.DirectMethodHandle$Holder.newInvokeSpecial(java.lang.Object, java.lang.Object, java.lang.Object, java.lang.Object, java.lang.Object, java.lang.Object, java.lang.Object, int)'> (0x00000000a3bcc518) 
thrown [s\open\src\hotspot\share\interpreter\linkResolver.cpp, line 774]
Event: 3.923 Thread 0x0000018f1284e5a0 Exception <a 'java/lang/NoSuchMethodError'{0x00000000a3bd0aa8}: 'java.lang.Object java.lang.invoke.DirectMethodHandle$Holder.invokeSpecial(java.lang.Object, java.lang.Object, java.lang.Object, java.lang.Object, java.lang.Object, java.lang.Object, java.lang.Object, java.lang.Object, int)'> (0x00000000a3bd0aa8) 
thrown [s\open\src\hotspot\share\interpreter\linkResolver.cpp, line 774]
Event: 3.923 Thread 0x0000018f1284e5a0 Exception <a 'java/lang/NoSuchMethodError'{0x00000000a3bd4ac0}: 'java.lang.Object java.lang.invoke.Invokers$Holder.linkToTargetMethod(java.lang.Object, java.lang.Object, java.lang.Object, java.lang.Object, java.lang.Object, java.lang.Object, int, java.lang.Object)'> (0x00000000a3bd4ac0) 
thrown [s\open\src\hotspot\share\interpreter\linkResolver.cpp, line 774]
Event: 4.078 Thread 0x0000018f1284e5a0 Exception <a 'java/lang/IncompatibleClassChangeError'{0x00000000a50299a0}: Found class java.lang.Object, but interface was expected> (0x00000000a50299a0) 
thrown [s\open\src\hotspot\share\interpreter\linkResolver.cpp, line 841]
Event: 4.107 Thread 0x0000018f1284e5a0 Exception <a 'java/lang/IncompatibleClassChangeError'{0x00000000a4fb7300}: Found class java.lang.Object, but interface was expected> (0x00000000a4fb7300) 
thrown [s\open\src\hotspot\share\interpreter\linkResolver.cpp, line 841]
Event: 4.112 Thread 0x0000018f1284e5a0 Exception <a 'java/lang/NoSuchMethodError'{0x00000000a4ff89a8}: 'java.lang.Object java.lang.invoke.DirectMethodHandle$Holder.invokeSpecialIFC(java.lang.Object, java.lang.Object, java.lang.Object)'> (0x00000000a4ff89a8) 
thrown [s\open\src\hotspot\share\interpreter\linkResolver.cpp, line 774]
Event: 4.226 Thread 0x0000018f1284e5a0 Exception <a 'java/lang/IncompatibleClassChangeError'{0x00000000a48fc160}: Found class java.lang.Object, but interface was expected> (0x00000000a48fc160) 
thrown [s\open\src\hotspot\share\interpreter\linkResolver.cpp, line 841]
Event: 4.276 Thread 0x0000018f136146d0 Exception <a 'sun/net/ConnectionResetException'{0x00000000a4ac6668}: Connection reset> (0x00000000a4ac6668) 
thrown [s\open\src\hotspot\share\prims\jni.cpp, line 539]
Event: 4.286 Thread 0x0000018f1284e5a0 Exception <a 'java/lang/IncompatibleClassChangeError'{0x00000000a45dc028}: Found class java.lang.Object, but interface was expected> (0x00000000a45dc028) 
thrown [s\open\src\hotspot\share\interpreter\linkResolver.cpp, line 841]
Event: 4.286 Thread 0x0000018f1284e5a0 Exception <a 'java/lang/IncompatibleClassChangeError'{0x00000000a45e1820}: Found class java.lang.Object, but interface was expected> (0x00000000a45e1820) 
thrown [s\open\src\hotspot\share\interpreter\linkResolver.cpp, line 841]
Event: 4.335 Thread 0x0000018f1284e5a0 Exception <a 'java/lang/NoSuchMethodError'{0x00000000a4298230}: 'void java.lang.invoke.Invokers$Holder.invokeExact_MT(java.lang.Object, java.lang.Object, java.lang.Object, java.lang.Object)'> (0x00000000a4298230) 
thrown [s\open\src\hotspot\share\interpreter\linkResolver.cpp, line 774]
Event: 4.351 Thread 0x0000018f1284e5a0 Exception <a 'java/lang/IncompatibleClassChangeError'{0x00000000a41352f8}: Found class java.lang.Object, but interface was expected> (0x00000000a41352f8) 
thrown [s\open\src\hotspot\share\interpreter\linkResolver.cpp, line 841]
Event: 4.353 Thread 0x0000018f136146d0 Exception <a 'sun/net/ConnectionResetException'{0x00000000a459a7b0}: Connection reset> (0x00000000a459a7b0) 
thrown [s\open\src\hotspot\share\prims\jni.cpp, line 539]
Event: 4.360 Thread 0x0000018f1284e5a0 Exception <a 'java/lang/NoSuchMethodError'{0x00000000a41adf68}: 'java.lang.Object java.lang.invoke.DirectMethodHandle$Holder.invokeInterface(java.lang.Object, java.lang.Object, java.lang.Object, java.lang.Object)'> (0x00000000a41adf68) 
thrown [s\open\src\hotspot\share\interpreter\linkResolver.cpp, line 774]

ZGC Phase Switch (0 events):
No events

VM Operations (20 events):
Event: 3.437 Executing VM operation: G1PauseCleanup
Event: 3.437 Executing VM operation: G1PauseCleanup done
Event: 3.661 Executing VM operation: HandshakeAllThreads (Deoptimize)
Event: 3.661 Executing VM operation: HandshakeAllThreads (Deoptimize) done
Event: 3.664 Executing VM operation: HandshakeAllThreads (Deoptimize)
Event: 3.665 Executing VM operation: HandshakeAllThreads (Deoptimize) done
Event: 3.684 Executing VM operation: HandshakeAllThreads (Deoptimize)
Event: 3.685 Executing VM operation: HandshakeAllThreads (Deoptimize) done
Event: 3.972 Executing VM operation: G1CollectForAllocation (G1 Evacuation Pause)
Event: 3.974 Executing VM operation: G1CollectForAllocation (G1 Evacuation Pause) done
Event: 4.234 Executing VM operation: HandshakeAllThreads (Deoptimize)
Event: 4.235 Executing VM operation: HandshakeAllThreads (Deoptimize) done
Event: 4.235 Executing VM operation: HandshakeAllThreads (Deoptimize)
Event: 4.235 Executing VM operation: HandshakeAllThreads (Deoptimize) done
Event: 4.367 Executing VM operation: ICBufferFull
Event: 4.367 Executing VM operation: ICBufferFull done
Event: 4.397 Executing VM operation: HandshakeAllThreads (Deoptimize)
Event: 4.397 Executing VM operation: HandshakeAllThreads (Deoptimize) done
Event: 4.439 Executing VM operation: HandshakeAllThreads (Deoptimize)
Event: 4.439 Executing VM operation: HandshakeAllThreads (Deoptimize) done

Memory protections (0 events):
No events

Nmethod flushes (20 events):
Event: 3.434 Thread 0x0000018eccd73830 flushing  nmethod 0x0000018eb9115190
Event: 3.434 Thread 0x0000018eccd73830 flushing  nmethod 0x0000018eb9115490
Event: 3.434 Thread 0x0000018eccd73830 flushing  nmethod 0x0000018eb9172010
Event: 3.434 Thread 0x0000018eccd73830 flushing  nmethod 0x0000018eb9174510
Event: 3.434 Thread 0x0000018eccd73830 flushing  nmethod 0x0000018eb91ec090
Event: 3.434 Thread 0x0000018eccd73830 flushing  nmethod 0x0000018eb91ec590
Event: 3.434 Thread 0x0000018eccd73830 flushing  nmethod 0x0000018eb9234d10
Event: 3.434 Thread 0x0000018eccd73830 flushing  nmethod 0x0000018eb9235d90
Event: 3.434 Thread 0x0000018eccd73830 flushing  nmethod 0x0000018eb9238410
Event: 3.434 Thread 0x0000018eccd73830 flushing  nmethod 0x0000018eb9245410
Event: 3.434 Thread 0x0000018eccd73830 flushing  nmethod 0x0000018eb9287a90
Event: 3.434 Thread 0x0000018eccd73830 flushing  nmethod 0x0000018eb9289690
Event: 3.434 Thread 0x0000018eccd73830 flushing  nmethod 0x0000018eb9289b10
Event: 3.434 Thread 0x0000018eccd73830 flushing  nmethod 0x0000018eb928dc10
Event: 3.434 Thread 0x0000018eccd73830 flushing  nmethod 0x0000018eb92c7910
Event: 3.434 Thread 0x0000018eccd73830 flushing  nmethod 0x0000018eb92c8290
Event: 3.434 Thread 0x0000018eccd73830 flushing  nmethod 0x0000018eb9341d10
Event: 3.434 Thread 0x0000018eccd73830 flushing  nmethod 0x0000018eb9471910
Event: 3.434 Thread 0x0000018eccd73830 flushing  nmethod 0x0000018eb94bf590
Event: 3.434 Thread 0x0000018eccd73830 flushing  nmethod 0x0000018eb94c1910

Events (20 events):
Event: 0.085 Thread 0x0000018eb0b352d0 Thread added: 0x0000018eccd97450
Event: 0.085 Thread 0x0000018eb0b352d0 Thread added: 0x0000018eccd9b4e0
Event: 0.085 Thread 0x0000018eb0b352d0 Thread added: 0x0000018eccd9c3a0
Event: 0.085 Thread 0x0000018eb0b352d0 Thread added: 0x0000018eccd9ef90
Event: 0.180 Thread 0x0000018eb0b352d0 Thread added: 0x0000018eccd54bc0
Event: 0.326 Thread 0x0000018eb0b352d0 Thread added: 0x0000018f121bc5c0
Event: 0.326 Thread 0x0000018eb0b352d0 Thread added: 0x0000018f123114d0
Event: 0.636 Thread 0x0000018eb0b352d0 Thread added: 0x0000018f126d2e90
Event: 0.642 Thread 0x0000018f126d2e90 Thread added: 0x0000018f1284e5a0
Event: 1.199 Thread 0x0000018f1284e5a0 Thread added: 0x0000018f12ce75a0
Event: 1.397 Thread 0x0000018f12ce75a0 Thread exited: 0x0000018f12ce75a0
Event: 1.468 Thread 0x0000018f1284e5a0 Thread added: 0x0000018f13a7e670
Event: 1.519 Thread 0x0000018f13a7e670 Thread exited: 0x0000018f13a7e670
Event: 3.025 Thread 0x0000018f1284e5a0 Thread added: 0x0000018f136139b0
Event: 3.037 Thread 0x0000018f1284e5a0 Thread added: 0x0000018f136118e0
Event: 3.140 Thread 0x0000018f136118e0 Thread added: 0x0000018f136146d0
Event: 4.425 Thread 0x0000018f1284e5a0 Thread added: 0x0000018f13614040
Event: 4.431 Thread 0x0000018f1284e5a0 Thread added: 0x0000018f13611250
Event: 4.431 Thread 0x0000018f13611250 Thread exited: 0x0000018f13611250
Event: 4.431 Thread 0x0000018f1284e5a0 Thread added: 0x0000018f13611f70


Dynamic libraries:
0x00007ff6b64d0000 - 0x00007ff6b64e0000 	C:\Program Files\Java\jdk-22\bin\java.exe
0x00007ffb09fb0000 - 0x00007ffb0a1c7000 	C:\WINDOWS\SYSTEM32\ntdll.dll
0x00007ffb094a0000 - 0x00007ffb09564000 	C:\WINDOWS\System32\KERNEL32.DLL
0x00007ffb073d0000 - 0x00007ffb077a2000 	C:\WINDOWS\System32\KERNELBASE.dll
0x00007ffb07910000 - 0x00007ffb07a21000 	C:\WINDOWS\System32\ucrtbase.dll
0x00007ffb009a0000 - 0x00007ffb009bb000 	C:\Program Files\Java\jdk-22\bin\VCRUNTIME140.dll
0x00007ffb00940000 - 0x00007ffb00957000 	C:\Program Files\Java\jdk-22\bin\jli.dll
0x00007ffb09c50000 - 0x00007ffb09e01000 	C:\WINDOWS\System32\USER32.dll
0x00007ffb077b0000 - 0x00007ffb077d6000 	C:\WINDOWS\System32\win32u.dll
0x00007ffaf3ff0000 - 0x00007ffaf428b000 	C:\WINDOWS\WinSxS\amd64_microsoft.windows.common-controls_6595b64144ccf1df_6.0.22621.5413_none_270da5617387a498\COMCTL32.dll
0x00007ffb09af0000 - 0x00007ffb09b19000 	C:\WINDOWS\System32\GDI32.dll
0x00007ffb093f0000 - 0x00007ffb09497000 	C:\WINDOWS\System32\msvcrt.dll
0x00007ffb077e0000 - 0x00007ffb07903000 	C:\WINDOWS\System32\gdi32full.dll
0x00007ffb07ba0000 - 0x00007ffb07c3a000 	C:\WINDOWS\System32\msvcp_win.dll
0x00007ffb09a70000 - 0x00007ffb09aa1000 	C:\WINDOWS\System32\IMM32.DLL
0x00007ffb00a00000 - 0x00007ffb00a0c000 	C:\Program Files\Java\jdk-22\bin\vcruntime140_1.dll
0x00007ffaeece0000 - 0x00007ffaeed6e000 	C:\Program Files\Java\jdk-22\bin\msvcp140.dll
0x00007ffa6e470000 - 0x00007ffa6f1b9000 	C:\Program Files\Java\jdk-22\bin\server\jvm.dll
0x00007ffb099b0000 - 0x00007ffb09a61000 	C:\WINDOWS\System32\ADVAPI32.dll
0x00007ffb09340000 - 0x00007ffb093e8000 	C:\WINDOWS\System32\sechost.dll
0x00007ffb07b70000 - 0x00007ffb07b98000 	C:\WINDOWS\System32\bcrypt.dll
0x00007ffb09010000 - 0x00007ffb09124000 	C:\WINDOWS\System32\RPCRT4.dll
0x00007ffb07eb0000 - 0x00007ffb07f21000 	C:\WINDOWS\System32\WS2_32.dll
0x00007ffb06f70000 - 0x00007ffb06fbd000 	C:\WINDOWS\SYSTEM32\POWRPROF.dll
0x00007ffb01690000 - 0x00007ffb016c4000 	C:\WINDOWS\SYSTEM32\WINMM.dll
0x00007ffafe8c0000 - 0x00007ffafe8ca000 	C:\WINDOWS\SYSTEM32\VERSION.dll
0x00007ffb06f50000 - 0x00007ffb06f63000 	C:\WINDOWS\SYSTEM32\UMPDC.dll
0x00007ffb05ff0000 - 0x00007ffb06008000 	C:\WINDOWS\SYSTEM32\kernel.appcore.dll
0x00007ffb000c0000 - 0x00007ffb000ca000 	C:\Program Files\Java\jdk-22\bin\jimage.dll
0x00007ffb04ce0000 - 0x00007ffb04f12000 	C:\WINDOWS\SYSTEM32\DBGHELP.DLL
0x00007ffb08c70000 - 0x00007ffb09003000 	C:\WINDOWS\System32\combase.dll
0x00007ffb07cc0000 - 0x00007ffb07d97000 	C:\WINDOWS\System32\OLEAUT32.dll
0x00007ffae1930000 - 0x00007ffae1962000 	C:\WINDOWS\SYSTEM32\dbgcore.DLL
0x00007ffb070a0000 - 0x00007ffb0711b000 	C:\WINDOWS\System32\bcryptPrimitives.dll
0x00007ffb000b0000 - 0x00007ffb000bf000 	C:\Program Files\Java\jdk-22\bin\instrument.dll
0x00007ffb00090000 - 0x00007ffb000ae000 	C:\Program Files\Java\jdk-22\bin\java.dll
0x00007ffb083b0000 - 0x00007ffb08c52000 	C:\WINDOWS\System32\SHELL32.dll
0x00007ffb07120000 - 0x00007ffb0725f000 	C:\WINDOWS\System32\wintypes.dll
0x00007ffb09130000 - 0x00007ffb092d0000 	C:\WINDOWS\System32\ole32.dll
0x00007ffb04f40000 - 0x00007ffb0585d000 	C:\WINDOWS\SYSTEM32\windows.storage.dll
0x00007ffb07da0000 - 0x00007ffb07eab000 	C:\WINDOWS\System32\SHCORE.dll
0x00007ffb092d0000 - 0x00007ffb09339000 	C:\WINDOWS\System32\shlwapi.dll
0x00007ffb06fd0000 - 0x00007ffb06ffb000 	C:\WINDOWS\SYSTEM32\profapi.dll
0x00007ffad8530000 - 0x00007ffad8607000 	C:\Program Files\Java\jdk-22\bin\jsvml.dll
0x00007ffaeff30000 - 0x00007ffaeff47000 	C:\Program Files\Java\jdk-22\bin\zip.dll
0x00007ffb00040000 - 0x00007ffb00050000 	C:\Program Files\Java\jdk-22\bin\net.dll
0x00007ffb06500000 - 0x00007ffb06569000 	C:\WINDOWS\system32\mswsock.dll
0x00007ffaeffa0000 - 0x00007ffaeffb6000 	C:\Program Files\Java\jdk-22\bin\nio.dll
0x00007ffaeff90000 - 0x00007ffaeff99000 	C:\Program Files\Java\jdk-22\bin\extnet.dll
0x00007ffaeff70000 - 0x00007ffaeff7a000 	C:\Program Files\Java\jdk-22\bin\management.dll
0x00007ffaeff20000 - 0x00007ffaeff2b000 	C:\Program Files\Java\jdk-22\bin\management_ext.dll
0x00007ffb09840000 - 0x00007ffb09848000 	C:\WINDOWS\System32\PSAPI.DLL
0x00007ffaeff10000 - 0x00007ffaeff1b000 	C:\Program Files\Java\jdk-22\bin\le.dll
0x00007ffb06720000 - 0x00007ffb0673b000 	C:\WINDOWS\SYSTEM32\CRYPTSP.dll
0x00007ffb06010000 - 0x00007ffb06047000 	C:\WINDOWS\system32\rsaenh.dll
0x00007ffb065b0000 - 0x00007ffb065d8000 	C:\WINDOWS\SYSTEM32\USERENV.dll
0x00007ffb06710000 - 0x00007ffb0671c000 	C:\WINDOWS\SYSTEM32\CRYPTBASE.dll
0x00007ffb05ab0000 - 0x00007ffb05add000 	C:\WINDOWS\SYSTEM32\IPHLPAPI.DLL
0x00007ffb08c60000 - 0x00007ffb08c69000 	C:\WINDOWS\System32\NSI.dll
0x00007ffaefde0000 - 0x00007ffaefdf0000 	C:\Program Files\Java\jdk-22\bin\verify.dll
0x00007ffb05ae0000 - 0x00007ffb05bd8000 	C:\WINDOWS\SYSTEM32\DNSAPI.dll
0x00007ffafd950000 - 0x00007ffafd95a000 	C:\Windows\System32\rasadhlp.dll
0x00007ffaff020000 - 0x00007ffaff0a4000 	C:\WINDOWS\System32\fwpuclnt.dll

dbghelp: loaded successfully - version: 4.0.5 - missing functions: none
symbol engine: initialized successfully - sym options: 0x614 - pdb path: .;C:\Program Files\Java\jdk-22\bin;C:\WINDOWS\SYSTEM32;C:\WINDOWS\WinSxS\amd64_microsoft.windows.common-controls_6595b64144ccf1df_6.0.22621.5413_none_270da5617387a498;C:\Program Files\Java\jdk-22\bin\server

VM Arguments:
jvm_args: -javaagent:C:\Program Files\JetBrains\IntelliJ IDEA Community Edition 2025.1.1.1\lib\idea_rt.jar=61261 -Dfile.encoding=UTF-8 -Dsun.stdout.encoding=UTF-8 -Dsun.stderr.encoding=UTF-8 
java_command: com.infosys.librarymanagement.LibrarymanagementApplication
java_class_path (initial): C:\Users\pushk\OneDrive\Pictures\Desktop\Udemy_spring\librarymanagement\target\classes;C:\Users\pushk\.m2\repository\org\springframework\boot\spring-boot-starter-data-jpa\3.5.0\spring-boot-starter-data-jpa-3.5.0.jar;C:\Users\pushk\.m2\repository\org\springframework\boot\spring-boot-starter\3.5.0\spring-boot-starter-3.5.0.jar;C:\Users\pushk\.m2\repository\org\springframework\boot\spring-boot-starter-logging\3.5.0\spring-boot-starter-logging-3.5.0.jar;C:\Users\pushk\.m2\repository\ch\qos\logback\logback-classic\1.5.18\logback-classic-1.5.18.jar;C:\Users\pushk\.m2\repository\ch\qos\logback\logback-core\1.5.18\logback-core-1.5.18.jar;C:\Users\pushk\.m2\repository\org\apache\logging\log4j\log4j-to-slf4j\2.24.3\log4j-to-slf4j-2.24.3.jar;C:\Users\pushk\.m2\repository\org\apache\logging\log4j\log4j-api\2.24.3\log4j-api-2.24.3.jar;C:\Users\pushk\.m2\repository\org\slf4j\jul-to-slf4j\2.0.17\jul-to-slf4j-2.0.17.jar;C:\Users\pushk\.m2\repository\jakarta\annotation\jakarta.annotation-api\2.1.1\jakarta.annotation-api-2.1.1.jar;C:\Users\pushk\.m2\repository\org\yaml\snakeyaml\2.4\snakeyaml-2.4.jar;C:\Users\pushk\.m2\repository\org\springframework\boot\spring-boot-starter-jdbc\3.5.0\spring-boot-starter-jdbc-3.5.0.jar;C:\Users\pushk\.m2\repository\com\zaxxer\HikariCP\6.3.0\HikariCP-6.3.0.jar;C:\Users\pushk\.m2\repository\org\springframework\spring-jdbc\6.2.7\spring-jdbc-6.2.7.jar;C:\Users\pushk\.m2\repository\org\hibernate\orm\hibernate-core\6.6.15.Final\hibernate-core-6.6.15.Final.jar;C:\Users\pushk\.m2\repository\jakarta\persistence\jakarta.persistence-api\3.1.0\jakarta.persistence-api-3.1.0.jar;C:\Users\pushk\.m2\repository\jakarta\transaction\jakarta.transaction-api\2.0.1\jakarta.transaction-api-2.0.1.jar;C:\Users\pushk\.m2\repository\org\jboss\logging\jboss-logging\3.6.1.Final\jboss-logging-3.6.1.Final.jar;C:\Users\pushk\.m2\repository\org\hibernate\common\hibernate-commons-annotations\7.0.3.Final\hibernate-commons-annotations-7.0.3.Final.jar;C:\Users\pushk\.m2\repository\io\smallrye\jandex\3.2.0\jandex-3.2.0.jar;C:\Users\pushk\.m2\repository\com\fasterxml\classmate\1.7.0\classmate-1.7.0.jar;C:\Users\pushk\.m2\repository\net\bytebuddy\byte-buddy\1.17.5\byte-buddy-1.17.5.jar;C:\Users\pushk\.m2\repository\org\glassfish\jaxb\jaxb-runtime\4.0.5\jaxb-runtime-4.0.5.jar;C:\Users\pushk\.m2\repository\org\glassfish\jaxb\jaxb-core\4.0.5\jaxb-core-4.0.5.jar;C:\Users\pushk\.m2\repository\org\eclipse\angus\angus-activation\2.0.2\angus-activation-2.0.2.jar;C:\Users\pushk\.m2\repository\org\glassfish\jaxb\txw2\4.0.5\txw2-4.0.5.jar;C:\Users\pushk\.m2\repository\com\sun\istack\istack-commons-runtime\4.1.2\istack-commons-runtime-4.1.2.jar;C:\Users\pushk\.m2\repository\jakarta\inject\jakarta.inject-api\2.0.1\jakarta.inject-api-2.0.1.jar;C:\Users\pushk\.m2\repository\org\antlr\antlr4-runtime\4.13.0\antlr4-runtime-4.13.0.jar;C:\Users\pushk\.m2\repository\org\springframework\data\spring-data-jpa\3.5.0\spring-data-jpa-3.5.0.jar;C:\Users\pushk\.m2\repository\org\springframework\data\spring-data-commons\3.5.0\spring-data-commons-3.5.0.jar;C:\Users\pushk\.m2\repository\org\springframework\spring-orm\6.2.7\spring-orm-6.2.7.jar;C:\Users\pushk\.m2\repository\org\springframework\spring-context\6.2.7\spring-context-6.2.7.jar;C:\Users\pushk\.m2\repository\org\springframework\spring-expression\6.2.7\spring-expression-6.2.7.jar;C:\Users\pushk\.m2\repository\io\micrometer\micrometer-observation\1.15.0\micrometer-observation-1.15.0.jar;C:\Users\pushk\.m2\repository\io\micrometer\micrometer-commons\1.15.0\micrometer-commons-1.15.0.jar;C:\Users\pushk\.m2\repository\org\springframework\spring-aop\6.2.7\spring-aop-6.2.7.jar;C:\Users\pushk\.m2\repository\org\springframework\spring-tx\6.2.7\spring-tx-6.2.7.jar;C:\Users\pushk\.m2\repository\org\springframework\spring-beans\6.2.7\spring-beans-6.2.7.jar;C:\Users\pushk\.m2\repository\org\slf4j\slf4j-api\2.0.17\slf4j-api-2.0.17.jar;C:\Users\pushk\.m2\repository\org\springframework\spring-aspects\6.2.7\spring-aspects-6.2.7.jar;C:\Users\pushk\.m2\repository\org\aspectj\aspectjweaver\1.9.24\aspectjweaver-1.9.24.jar;C:\Users\pushk\.m2\repository\org\springframework\boot\spring-boot-starter-validation\3.5.0\spring-boot-starter-validation-3.5.0.jar;C:\Users\pushk\.m2\repository\org\apache\tomcat\embed\tomcat-embed-el\10.1.41\tomcat-embed-el-10.1.41.jar;C:\Users\pushk\.m2\repository\org\hibernate\validator\hibernate-validator\8.0.2.Final\hibernate-validator-8.0.2.Final.jar;C:\Users\pushk\.m2\repository\jakarta\validation\jakarta.validation-api\3.0.2\jakarta.validation-api-3.0.2.jar;C:\Users\pushk\.m2\repository\org\springframework\boot\spring-boot-devtools\3.5.0\spring-boot-devtools-3.5.0.jar;C:\Users\pushk\.m2\repository\org\springframework\boot\spring-boot\3.5.0\spring-boot-3.5.0.jar;C:\Users\pushk\.m2\repository\org\springframework\boot\spring-boot-autoconfigure\3.5.0\spring-boot-autoconfigure-3.5.0.jar;C:\Users\pushk\.m2\repository\org\postgresql\postgresql\42.7.5\postgresql-42.7.5.jar;C:\Users\pushk\.m2\repository\org\checkerframework\checker-qual\3.48.3\checker-qual-3.48.3.jar;C:\Users\pushk\.m2\repository\org\projectlombok\lombok\1.18.38\lombok-1.18.38.jar;C:\Users\pushk\.m2\repository\jakarta\xml\bind\jakarta.xml.bind-api\4.0.2\jakarta.xml.bind-api-4.0.2.jar;C:\Users\pushk\.m2\repository\jakarta\activation\jakarta.activation-api\2.1.3\jakarta.activation-api-2.1.3.jar;C:\Users\pushk\.m2\repository\org\springframework\spring-core\6.2.7\spring-core-6.2.7.jar;C:\Users\pushk\.m2\repository\org\springframework\spring-jcl\6.2.7\spring-jcl-6.2.7.jar
Launcher Type: SUN_STANDARD

[Global flags]
     intx CICompilerCount                          = 4                                         {product} {ergonomic}
     uint ConcGCThreads                            = 3                                         {product} {ergonomic}
     uint G1ConcRefinementThreads                  = 10                                        {product} {ergonomic}
   size_t G1HeapRegionSize                         = 1048576                                   {product} {ergonomic}
   size_t InitialHeapSize                          = 98566144                                  {product} {ergonomic}
   size_t MarkStackSize                            = 4194304                                   {product} {ergonomic}
   size_t MaxHeapSize                              = 1572864000                                {product} {ergonomic}
   size_t MaxNewSize                               = 943718400                                 {product} {ergonomic}
   size_t MinHeapDeltaBytes                        = 1048576                                   {product} {ergonomic}
   size_t MinHeapSize                              = 8388608                                   {product} {ergonomic}
    uintx NonNMethodCodeHeapSize                   = 5839372                                {pd product} {ergonomic}
    uintx NonProfiledCodeHeapSize                  = 122909434                              {pd product} {ergonomic}
    uintx ProfiledCodeHeapSize                     = 122909434                              {pd product} {ergonomic}
    uintx ReservedCodeCacheSize                    = 251658240                              {pd product} {ergonomic}
     bool SegmentedCodeCache                       = true                                      {product} {ergonomic}
   size_t SoftMaxHeapSize                          = 1572864000                             {manageable} {ergonomic}
     bool UseCompressedOops                        = true                           {product lp64_product} {ergonomic}
     bool UseG1GC                                  = true                                      {product} {ergonomic}
     bool UseLargePagesIndividualAllocation        = false                                  {pd product} {ergonomic}

Logging:
Log output configuration:
 #0: stdout all=warning uptime,level,tags foldmultilines=false
 #1: stderr all=off uptime,level,tags foldmultilines=false

Environment Variables:
PATH=C:\Program Files\Common Files\Oracle\Java\javapath;C:\Program Files (x86)\Common Files\Oracle\Java\java8path;C:\Program Files (x86)\Common Files\Oracle\Java\javapath;C:\Program Files (x86)\VMware\VMware Player\bin\;C:\Windows\system32;C:\Windows;C:\Windows\System32\Wbem;C:\Windows\System32\WindowsPowerShell\v1.0\;C:\Windows\System32\OpenSSH\;C:\Program Files (x86)\NVIDIA Corporation\PhysX\Common;C:\Program Files\NVIDIA Corporation\NVIDIA NvDLISR;C:\WINDOWS\system32;C:\WINDOWS;C:\WINDOWS\System32\Wbem;C:\WINDOWS\System32\WindowsPowerShell\v1.0\;C:\WINDOWS\System32\OpenSSH\;C:\Program Files\Microsoft VS Code\bin;C:\MinGW\bin;C:\Program Files\Git\cmd;C:\Program Files\nodejs\;C:\Program Files\MongoDB\Server\7.0\bin;C:\Program Files\MongoDB\Server\7.0\bin\bin;C:\Program Files (x86)\Google\Cloud SDK\google-cloud-sdk\bin;C:\Users\pushk\AppData\Local\Programs\Python\Python313\Scripts\;C:\Users\pushk\AppData\Local\Programs\Python\Python313\;C:\Program Files\MySQL\MySQL Shell 8.0\bin\;C:\Users\pushk\AppData\Local\Microsoft\WindowsApps;C:\Users\pushk\AppData\Local\JetBrains\PyCharm Community Edition 2023.2\bin;;C:\Users\pushk\AppData\Local\Programs\Microsoft VS Code\bin;C:\Users\pushk\AppData\Roaming\npm;C:\Program Files\Java\jdk-22\bin;C:\Users\pushk\AppData\Local\Programs\mongosh\;C:\Program Files\MongoDB\Server\7.0\bin;C:\Program Files\MongoDB\Tools\100\bin;C:\Program Files\PostgreSQL\17\bin;C:\Program Files (x86)\Google\google_appengine\
USERNAME=pushk
OS=Windows_NT
PROCESSOR_IDENTIFIER=AMD64 Family 25 Model 80 Stepping 0, AuthenticAMD
TMP=C:\Users\pushk\AppData\Local\Temp
TEMP=C:\Users\pushk\AppData\Local\Temp




Periodic native trim disabled

---------------  S Y S T E M  ---------------

OS:
 Windows 11 , 64 bit Build 22621 (10.0.22621.5413)
OS uptime: 4 days 7:49 hours
Hyper-V role detected

CPU: total 12 (initial active 12) (12 cores per cpu, 2 threads per core) family 25 model 80 stepping 0 microcode 0x0, cx8, cmov, fxsr, ht, mmx, 3dnowpref, sse, sse2, sse3, ssse3, sse4a, sse4.1, sse4.2, popcnt, lzcnt, tsc, tscinvbit, avx, avx2, aes, erms, clmul, bmi1, bmi2, adx, sha, fma, vzeroupper, clflush, clflushopt, hv, rdtscp, rdpid, fsrm, f16c, cet_ss
Processor Information for processor 0
  Max Mhz: 3301, Current Mhz: 2630, Mhz Limit: 3301
Processor Information for processor 1
  Max Mhz: 3301, Current Mhz: 3301, Mhz Limit: 3301
Processor Information for processor 2
  Max Mhz: 3301, Current Mhz: 2630, Mhz Limit: 3301
Processor Information for processor 3
  Max Mhz: 3301, Current Mhz: 2630, Mhz Limit: 3301
Processor Information for processor 4
  Max Mhz: 3301, Current Mhz: 2630, Mhz Limit: 3301
Processor Information for processor 5
  Max Mhz: 3301, Current Mhz: 3301, Mhz Limit: 3301
Processor Information for processor 6
  Max Mhz: 3301, Current Mhz: 3301, Mhz Limit: 3301
Processor Information for processor 7
  Max Mhz: 3301, Current Mhz: 3301, Mhz Limit: 3301
Processor Information for processor 8
  Max Mhz: 3301, Current Mhz: 2630, Mhz Limit: 3301
Processor Information for processor 9
  Max Mhz: 3301, Current Mhz: 2630, Mhz Limit: 3301
Processor Information for processor 10
  Max Mhz: 3301, Current Mhz: 3301, Mhz Limit: 3301
Processor Information for processor 11
  Max Mhz: 3301, Current Mhz: 3301, Mhz Limit: 3301

Memory: 4k page, system-wide physical 5996M (214M free)
TotalPageFile size 24428M (AvailPageFile size 169M)
current process WorkingSet (physical memory assigned to process): 224M, peak: 224M
current process commit charge ("private bytes"): 264M, peak: 265M

vm_info: Java HotSpot(TM) 64-Bit Server VM (22.0.2+9-70) for windows-amd64 JRE (22.0.2+9-70), built on 2024-06-04T16:52:23Z by "mach5one" with MS VC++ 17.6 (VS2022)

END.
