#
# There is insufficient memory for the Java Runtime Environment to continue.
# Native memory allocation (malloc) failed to allocate 1053552 bytes. Error detail: Chunk::new
# Possible reasons:
#   The system is out of physical RAM or swap space
#   This process is running with CompressedOops enabled, and the Java Heap may be blocking the growth of the native heap
# Possible solutions:
#   Reduce memory load on the system
#   Increase physical memory or swap space
#   Check if swap backing store is full
#   Decrease Java heap size (-Xmx/-Xms)
#   Decrease number of Java threads
#   Decrease Java thread stack sizes (-Xss)
#   Set larger code cache with -XX:ReservedCodeCacheSize=
#   JVM is running with Unscaled Compressed Oops mode in which the Java heap is
#     placed in the first 4GB address space. The Java Heap base address is the
#     maximum limit for the native heap growth. Please use -XX:HeapBaseMinAddress
#     to set the Java Heap base and to place the Java Heap above 4GB virtual address.
# This output file may be truncated or incomplete.
#
#  Out of Memory Error (arena.cpp:150), pid=16284, tid=26480
#
# JRE version: Java(TM) SE Runtime Environment (22.0.2+9) (build 22.0.2+9-70)
# Java VM: Java HotSpot(TM) 64-Bit Server VM (22.0.2+9-70, mixed mode, sharing, tiered, compressed oops, compressed class ptrs, g1 gc, windows-amd64)
# No core dump will be written. Minidumps are not enabled by default on client versions of Windows
#

---------------  S U M M A R Y ------------

Command Line: -javaagent:C:\Program Files\JetBrains\IntelliJ IDEA Community Edition 2025.1.3\lib\idea_rt.jar=62719 -Dfile.encoding=UTF-8 -Dsun.stdout.encoding=UTF-8 -Dsun.stderr.encoding=UTF-8 com.infosys.DEPT_SERVICE.DeptServiceApplication

Host: AMD Ryzen 5 5600H with Radeon Graphics         , 12 cores, 5G,  Windows 11 , 64 bit Build 22621 (10.0.22621.5415)
Time: Sun Jul  6 14:50:24 2025 India Standard Time elapsed time: 1777.081246 seconds (0d 0h 29m 37s)

---------------  T H R E A D  ---------------

Current thread (0x000002397f769680):  JavaThread "C2 CompilerThread0" daemon [_thread_in_native, id=26480, stack(0x000000aa62100000,0x000000aa62200000) (1024K)]


Current CompileTask:
C2:1777081 7464       4       org.springframework.core.ResolvableType::isArray (59 bytes)

Stack: [0x000000aa62100000,0x000000aa62200000]
Native frames: (J=compiled Java code, j=interpreted, Vv=VM code, C=native code)
V  [jvm.dll+0x6e26e9]  (no source info available)
V  [jvm.dll+0x875753]  (no source info available)
V  [jvm.dll+0x877b7e]  (no source info available)
V  [jvm.dll+0x878253]  (no source info available)
V  [jvm.dll+0x27fc86]  (no source info available)
V  [jvm.dll+0xc3d0f]  (no source info available)
V  [jvm.dll+0xc3f6b]  (no source info available)
V  [jvm.dll+0x3bb47c]  (no source info available)
V  [jvm.dll+0x1df6ae]  (no source info available)
V  [jvm.dll+0x24793c]  (no source info available)
V  [jvm.dll+0x246e9f]  (no source info available)
V  [jvm.dll+0x1c4e80]  (no source info available)
V  [jvm.dll+0x2568f3]  (no source info available)
V  [jvm.dll+0x254baa]  (no source info available)
V  [jvm.dll+0x3f57a6]  (no source info available)
V  [jvm.dll+0x81dc0b]  (no source info available)
V  [jvm.dll+0x6e0d85]  (no source info available)
C  [ucrtbase.dll+0x29333]  (no source info available)
C  [KERNEL32.DLL+0x1259d]  (no source info available)
C  [ntdll.dll+0x5af78]  (no source info available)


---------------  P R O C E S S  ---------------

Threads class SMR info:
_java_thread_list=0x000002397f7bb050, length=37, elements={
0x000002397f759b60, 0x000002397f75aa80, 0x000002397f75dd00, 0x000002397f760770,
0x000002397f761300, 0x000002397f765390, 0x000002397f769680, 0x000002397f76a260,
0x000002397f7bdff0, 0x0000023947860b10, 0x00000239475a25b0, 0x000002394aa61cd0,
0x000002394a21c830, 0x000002394b0a7110, 0x00000239487fa620, 0x00000239472f2b40,
0x000002394bd32050, 0x00000239479083a0, 0x000002394925ab00, 0x000002394925b190,
0x0000023949258a30, 0x00000239492590c0, 0x0000023949259de0, 0x000002394925a470,
0x000002394925beb0, 0x0000023949259750, 0x000002394d3176d0, 0x000002394d312ea0,
0x000002394d316320, 0x000002394d312180, 0x000002394d310dd0, 0x000002394d315c90,
0x000002394d312810, 0x000002394d3169b0, 0x000002394d310740, 0x000002394d317040,
0x000002394d317d60
}

Java Threads: ( => current thread )
  0x000002397f759b60 JavaThread "Reference Handler"          daemon [_thread_blocked, id=27368, stack(0x000000aa61b00000,0x000000aa61c00000) (1024K)]
  0x000002397f75aa80 JavaThread "Finalizer"                  daemon [_thread_blocked, id=18076, stack(0x000000aa61c00000,0x000000aa61d00000) (1024K)]
  0x000002397f75dd00 JavaThread "Signal Dispatcher"          daemon [_thread_blocked, id=7832, stack(0x000000aa61d00000,0x000000aa61e00000) (1024K)]
  0x000002397f760770 JavaThread "Attach Listener"            daemon [_thread_blocked, id=22496, stack(0x000000aa61e00000,0x000000aa61f00000) (1024K)]
  0x000002397f761300 JavaThread "Service Thread"             daemon [_thread_blocked, id=27984, stack(0x000000aa61f00000,0x000000aa62000000) (1024K)]
  0x000002397f765390 JavaThread "Monitor Deflation Thread"   daemon [_thread_blocked, id=13656, stack(0x000000aa62000000,0x000000aa62100000) (1024K)]
=>0x000002397f769680 JavaThread "C2 CompilerThread0"         daemon [_thread_in_native, id=26480, stack(0x000000aa62100000,0x000000aa62200000) (1024K)]
  0x000002397f76a260 JavaThread "C1 CompilerThread0"         daemon [_thread_blocked, id=18032, stack(0x000000aa62200000,0x000000aa62300000) (1024K)]
  0x000002397f7bdff0 JavaThread "Common-Cleaner"             daemon [_thread_blocked, id=27160, stack(0x000000aa62300000,0x000000aa62400000) (1024K)]
  0x0000023947860b10 JavaThread "Monitor Ctrl-Break"         daemon [_thread_in_native, id=12536, stack(0x000000aa62500000,0x000000aa62600000) (1024K)]
  0x00000239475a25b0 JavaThread "Notification Thread"        daemon [_thread_blocked, id=25440, stack(0x000000aa62600000,0x000000aa62700000) (1024K)]
  0x000002394aa61cd0 JavaThread "Catalina-utility-1"                [_thread_blocked, id=21796, stack(0x000000aa62e00000,0x000000aa62f00000) (1024K)]
  0x000002394a21c830 JavaThread "Catalina-utility-2"                [_thread_blocked, id=2296, stack(0x000000aa63300000,0x000000aa63400000) (1024K)]
  0x000002394b0a7110 JavaThread "container-0"                       [_thread_blocked, id=23564, stack(0x000000aa63400000,0x000000aa63500000) (1024K)]
  0x00000239487fa620 JavaThread "PostgreSQL-JDBC-Cleaner"    daemon [_thread_blocked, id=12844, stack(0x000000aa63600000,0x000000aa63700000) (1024K)]
  0x00000239472f2b40 JavaThread "HikariPool-1:housekeeper"   daemon [_thread_blocked, id=13032, stack(0x000000aa63700000,0x000000aa63800000) (1024K)]
  0x000002394bd32050 JavaThread "spectator-gauge-polling-0"  daemon [_thread_blocked, id=11948, stack(0x000000aa63a00000,0x000000aa63b00000) (1024K)]
  0x00000239479083a0 JavaThread "AsyncResolver-bootstrap-%d" daemon [_thread_blocked, id=7600, stack(0x000000aa63b00000,0x000000aa63c00000) (1024K)]
  0x000002394925ab00 JavaThread "DiscoveryClient-%d"         daemon [_thread_blocked, id=6508, stack(0x000000aa62400000,0x000000aa62500000) (1024K)]
  0x000002394925b190 JavaThread "DiscoveryClient-%d"         daemon [_thread_blocked, id=16704, stack(0x000000aa63c00000,0x000000aa63d00000) (1024K)]
  0x0000023949258a30 JavaThread "DiscoveryClient-InstanceInfoReplicator-%d" daemon [_thread_blocked, id=17436, stack(0x000000aa63d00000,0x000000aa63e00000) (1024K)]
  0x00000239492590c0 JavaThread "http-nio-8081-exec-1"       daemon [_thread_blocked, id=9524, stack(0x000000aa63e00000,0x000000aa63f00000) (1024K)]
  0x0000023949259de0 JavaThread "http-nio-8081-exec-2"       daemon [_thread_blocked, id=10064, stack(0x000000aa63f00000,0x000000aa64000000) (1024K)]
  0x000002394925a470 JavaThread "http-nio-8081-exec-3"       daemon [_thread_blocked, id=26908, stack(0x000000aa64000000,0x000000aa64100000) (1024K)]
  0x000002394925beb0 JavaThread "http-nio-8081-exec-4"       daemon [_thread_blocked, id=13092, stack(0x000000aa64100000,0x000000aa64200000) (1024K)]
  0x0000023949259750 JavaThread "http-nio-8081-exec-5"       daemon [_thread_blocked, id=17992, stack(0x000000aa64200000,0x000000aa64300000) (1024K)]
  0x000002394d3176d0 JavaThread "http-nio-8081-exec-6"       daemon [_thread_blocked, id=29564, stack(0x000000aa64300000,0x000000aa64400000) (1024K)]
  0x000002394d312ea0 JavaThread "http-nio-8081-exec-7"       daemon [_thread_blocked, id=18612, stack(0x000000aa64400000,0x000000aa64500000) (1024K)]
  0x000002394d316320 JavaThread "http-nio-8081-exec-8"       daemon [_thread_blocked, id=18284, stack(0x000000aa64500000,0x000000aa64600000) (1024K)]
  0x000002394d312180 JavaThread "http-nio-8081-exec-9"       daemon [_thread_blocked, id=26200, stack(0x000000aa64600000,0x000000aa64700000) (1024K)]
  0x000002394d310dd0 JavaThread "http-nio-8081-exec-10"      daemon [_thread_blocked, id=15924, stack(0x000000aa64700000,0x000000aa64800000) (1024K)]
  0x000002394d315c90 JavaThread "http-nio-8081-Poller"       daemon [_thread_in_native, id=29912, stack(0x000000aa64800000,0x000000aa64900000) (1024K)]
  0x000002394d312810 JavaThread "http-nio-8081-Acceptor"     daemon [_thread_in_native, id=10712, stack(0x000000aa64900000,0x000000aa64a00000) (1024K)]
  0x000002394d3169b0 JavaThread "DestroyJavaVM"                     [_thread_blocked, id=24060, stack(0x000000aa61300000,0x000000aa61400000) (1024K)]
  0x000002394d310740 JavaThread "DiscoveryClient-CacheRefreshExecutor-%d" daemon [_thread_blocked, id=10112, stack(0x000000aa64a00000,0x000000aa64b00000) (1024K)]
  0x000002394d317040 JavaThread "DiscoveryClient-HeartbeatExecutor-%d" daemon [_thread_blocked, id=19864, stack(0x000000aa64b00000,0x000000aa64c00000) (1024K)]
  0x000002394d317d60 JavaThread "AsyncResolver-bootstrap-executor-%d" daemon [_thread_blocked, id=23144, stack(0x000000aa61100000,0x000000aa61200000) (1024K)]
Total: 37

Other Threads:
  0x000002397f73a310 VMThread "VM Thread"                           [id=21932, stack(0x000000aa61a00000,0x000000aa61b00000) (1024K)]
  0x000002397f722070 WatcherThread "VM Periodic Task Thread"        [id=4812, stack(0x000000aa61900000,0x000000aa61a00000) (1024K)]
  0x00000239655795e0 WorkerThread "GC Thread#0"                     [id=14536, stack(0x000000aa61400000,0x000000aa61500000) (1024K)]
  0x0000023947b74460 WorkerThread "GC Thread#1"                     [id=2168, stack(0x000000aa62800000,0x000000aa62900000) (1024K)]
  0x000002394794aaf0 WorkerThread "GC Thread#2"                     [id=21968, stack(0x000000aa62900000,0x000000aa62a00000) (1024K)]
  0x0000023947966510 WorkerThread "GC Thread#3"                     [id=6480, stack(0x000000aa62a00000,0x000000aa62b00000) (1024K)]
  0x0000023947bc1150 WorkerThread "GC Thread#4"                     [id=6152, stack(0x000000aa62b00000,0x000000aa62c00000) (1024K)]
  0x00000239479f70f0 WorkerThread "GC Thread#5"                     [id=21788, stack(0x000000aa62c00000,0x000000aa62d00000) (1024K)]
  0x0000023948191c20 WorkerThread "GC Thread#6"                     [id=9176, stack(0x000000aa62700000,0x000000aa62800000) (1024K)]
  0x0000023947f25c70 WorkerThread "GC Thread#7"                     [id=13868, stack(0x000000aa62d00000,0x000000aa62e00000) (1024K)]
  0x00000239482b2070 WorkerThread "GC Thread#8"                     [id=22108, stack(0x000000aa62f00000,0x000000aa63000000) (1024K)]
  0x0000023949978070 WorkerThread "GC Thread#9"                     [id=10484, stack(0x000000aa63000000,0x000000aa63100000) (1024K)]
  0x0000023965586300 ConcurrentGCThread "G1 Main Marker"            [id=13808, stack(0x000000aa61500000,0x000000aa61600000) (1024K)]
  0x00000239655875b0 WorkerThread "G1 Conc#0"                       [id=16392, stack(0x000000aa61600000,0x000000aa61700000) (1024K)]
  0x0000023949ee6bb0 WorkerThread "G1 Conc#1"                       [id=23096, stack(0x000000aa63100000,0x000000aa63200000) (1024K)]
  0x00000239482e7720 WorkerThread "G1 Conc#2"                       [id=18880, stack(0x000000aa63200000,0x000000aa63300000) (1024K)]
  0x00000239655de7e0 ConcurrentGCThread "G1 Refine#0"               [id=24336, stack(0x000000aa61700000,0x000000aa61800000) (1024K)]
  0x000002397f5f44d0 ConcurrentGCThread "G1 Service"                [id=16012, stack(0x000000aa61800000,0x000000aa61900000) (1024K)]
Total: 18

Threads with active compile tasks:
C2 CompilerThread0  1777155 7464       4       org.springframework.core.ResolvableType::isArray (59 bytes)
Total: 1

VM state: not at safepoint (normal execution)

VM Mutex/Monitor currently owned by a thread: None

Heap address: 0x00000000a2400000, size: 1500 MB, Compressed Oops mode: 32-bit

CDS archive(s) mapped at: [0x0000023902000000-0x0000023902c60000-0x0000023902c60000), size 12976128, SharedBaseAddress: 0x0000023902000000, ArchiveRelocationMode: 1.
Compressed class space mapped at: 0x0000023903000000-0x0000023943000000, reserved size: 1073741824
Narrow klass base: 0x0000023902000000, Narrow klass shift: 0, Narrow klass range: 0x41000000

GC Precious Log:
 CardTable entry size: 512
 Card Set container configuration: InlinePtr #cards 5 size 8 Array Of Cards #cards 12 size 40 Howl #buckets 4 coarsen threshold 1843 Howl Bitmap #cards 512 size 80 coarsen threshold 460 Card regions per heap region 1 cards per card region 2048
 CPUs: 12 total, 12 available
 Memory: 5996M
 Large Page Support: Disabled
 NUMA Support: Disabled
 Compressed Oops: Enabled (32-bit)
 Heap Region Size: 1M
 Heap Min Capacity: 8M
 Heap Initial Capacity: 94M
 Heap Max Capacity: 1500M
 Pre-touch: Disabled
 Parallel Workers: 10
 Concurrent Workers: 3
 Concurrent Refinement Workers: 10
 Periodic GC: Disabled

Heap:
 garbage-first heap   total reserved 1536000K, committed 92160K, used 53576K [0x00000000a2400000, 0x0000000100000000)
  region size 1024K, 18 young (18432K), 5 survivors (5120K)
 Metaspace       used 76399K, committed 77184K, reserved 1179648K
  class space    used 10650K, committed 11008K, reserved 1048576K

Heap Regions: E=young(eden), S=young(survivor), O=old, HS=humongous(starts), HC=humongous(continues), CS=collection set, F=free, TAMS=top-at-mark-start, PB=parsable bottom
|   0|0x00000000a2400000, 0x00000000a2500000, 0x00000000a2500000|100%|HS|  |TAMS 0x00000000a2400000| PB 0x00000000a2400000| Complete |  0
|   1|0x00000000a2500000, 0x00000000a2600000, 0x00000000a2600000|100%|HS|  |TAMS 0x00000000a2500000| PB 0x00000000a2500000| Complete |  0
|   2|0x00000000a2600000, 0x00000000a2700000, 0x00000000a2700000|100%|HS|  |TAMS 0x00000000a2600000| PB 0x00000000a2600000| Complete |  0
|   3|0x00000000a2700000, 0x00000000a2800000, 0x00000000a2800000|100%| O|  |TAMS 0x00000000a2700000| PB 0x00000000a2700000| Untracked |  0
|   4|0x00000000a2800000, 0x00000000a2900000, 0x00000000a2900000|100%| O|  |TAMS 0x00000000a2800000| PB 0x00000000a2800000| Untracked |  0
|   5|0x00000000a2900000, 0x00000000a2a00000, 0x00000000a2a00000|100%| O|  |TAMS 0x00000000a2900000| PB 0x00000000a2900000| Untracked |  0
|   6|0x00000000a2a00000, 0x00000000a2b00000, 0x00000000a2b00000|100%| O|  |TAMS 0x00000000a2a00000| PB 0x00000000a2a00000| Untracked |  0
|   7|0x00000000a2b00000, 0x00000000a2b00000, 0x00000000a2c00000|  0%| F|  |TAMS 0x00000000a2b00000| PB 0x00000000a2b00000| Untracked |  0
|   8|0x00000000a2c00000, 0x00000000a2d00000, 0x00000000a2d00000|100%| O|  |TAMS 0x00000000a2c00000| PB 0x00000000a2c00000| Untracked |  0
|   9|0x00000000a2d00000, 0x00000000a2e00000, 0x00000000a2e00000|100%| O|  |TAMS 0x00000000a2d00000| PB 0x00000000a2d00000| Untracked |  0
|  10|0x00000000a2e00000, 0x00000000a2f00000, 0x00000000a2f00000|100%| O|  |TAMS 0x00000000a2e00000| PB 0x00000000a2e00000| Untracked |  0
|  11|0x00000000a2f00000, 0x00000000a3000000, 0x00000000a3000000|100%| O|  |TAMS 0x00000000a2f00000| PB 0x00000000a2f00000| Untracked |  0
|  12|0x00000000a3000000, 0x00000000a3100000, 0x00000000a3100000|100%| O|  |TAMS 0x00000000a3000000| PB 0x00000000a3000000| Untracked |  0
|  13|0x00000000a3100000, 0x00000000a3200000, 0x00000000a3200000|100%| O|  |TAMS 0x00000000a3100000| PB 0x00000000a3100000| Untracked |  0
|  14|0x00000000a3200000, 0x00000000a3300000, 0x00000000a3300000|100%| O|  |TAMS 0x00000000a3200000| PB 0x00000000a3200000| Untracked |  0
|  15|0x00000000a3300000, 0x00000000a3400000, 0x00000000a3400000|100%| O|  |TAMS 0x00000000a3300000| PB 0x00000000a3300000| Untracked |  0
|  16|0x00000000a3400000, 0x00000000a3500000, 0x00000000a3500000|100%| O|  |TAMS 0x00000000a3400000| PB 0x00000000a3400000| Untracked |  0
|  17|0x00000000a3500000, 0x00000000a3600000, 0x00000000a3600000|100%| O|  |TAMS 0x00000000a3500000| PB 0x00000000a3500000| Untracked |  0
|  18|0x00000000a3600000, 0x00000000a3700000, 0x00000000a3700000|100%| O|  |TAMS 0x00000000a3600000| PB 0x00000000a3600000| Untracked |  0
|  19|0x00000000a3700000, 0x00000000a3800000, 0x00000000a3800000|100%| O|  |TAMS 0x00000000a3700000| PB 0x00000000a3700000| Untracked |  0
|  20|0x00000000a3800000, 0x00000000a3900000, 0x00000000a3900000|100%| O|  |TAMS 0x00000000a3800000| PB 0x00000000a3800000| Untracked |  0
|  21|0x00000000a3900000, 0x00000000a3a00000, 0x00000000a3a00000|100%| O|  |TAMS 0x00000000a3900000| PB 0x00000000a3900000| Untracked |  0
|  22|0x00000000a3a00000, 0x00000000a3b00000, 0x00000000a3b00000|100%| O|  |TAMS 0x00000000a3a00000| PB 0x00000000a3a00000| Untracked |  0
|  23|0x00000000a3b00000, 0x00000000a3c00000, 0x00000000a3c00000|100%| O|  |TAMS 0x00000000a3b00000| PB 0x00000000a3b00000| Untracked |  0
|  24|0x00000000a3c00000, 0x00000000a3d00000, 0x00000000a3d00000|100%| O|  |TAMS 0x00000000a3c00000| PB 0x00000000a3c00000| Untracked |  0
|  25|0x00000000a3d00000, 0x00000000a3e00000, 0x00000000a3e00000|100%| O|  |TAMS 0x00000000a3d00000| PB 0x00000000a3d00000| Untracked |  0
|  26|0x00000000a3e00000, 0x00000000a3f00000, 0x00000000a3f00000|100%| O|  |TAMS 0x00000000a3e00000| PB 0x00000000a3e00000| Untracked |  0
|  27|0x00000000a3f00000, 0x00000000a4000000, 0x00000000a4000000|100%| O|  |TAMS 0x00000000a3f00000| PB 0x00000000a3f00000| Untracked |  0
|  28|0x00000000a4000000, 0x00000000a4100000, 0x00000000a4100000|100%| O|  |TAMS 0x00000000a4000000| PB 0x00000000a4000000| Untracked |  0
|  29|0x00000000a4100000, 0x00000000a4200000, 0x00000000a4200000|100%| O|  |TAMS 0x00000000a4100000| PB 0x00000000a4100000| Untracked |  0
|  30|0x00000000a4200000, 0x00000000a4300000, 0x00000000a4300000|100%| O|  |TAMS 0x00000000a4200000| PB 0x00000000a4200000| Untracked |  0
|  31|0x00000000a4300000, 0x00000000a4400000, 0x00000000a4400000|100%| O|  |TAMS 0x00000000a4300000| PB 0x00000000a4300000| Untracked |  0
|  32|0x00000000a4400000, 0x00000000a4500000, 0x00000000a4500000|100%| O|  |TAMS 0x00000000a4400000| PB 0x00000000a4400000| Untracked |  0
|  33|0x00000000a4500000, 0x00000000a4600000, 0x00000000a4600000|100%| O|  |TAMS 0x00000000a4500000| PB 0x00000000a4500000| Untracked |  0
|  34|0x00000000a4600000, 0x00000000a4700000, 0x00000000a4700000|100%| O|  |TAMS 0x00000000a4600000| PB 0x00000000a4600000| Untracked |  0
|  35|0x00000000a4700000, 0x00000000a4800000, 0x00000000a4800000|100%| O|  |TAMS 0x00000000a4700000| PB 0x00000000a4700000| Untracked |  0
|  36|0x00000000a4800000, 0x00000000a4800000, 0x00000000a4900000|  0%| F|  |TAMS 0x00000000a4800000| PB 0x00000000a4800000| Untracked |  0
|  37|0x00000000a4900000, 0x00000000a4900000, 0x00000000a4a00000|  0%| F|  |TAMS 0x00000000a4900000| PB 0x00000000a4900000| Untracked |  0
|  38|0x00000000a4a00000, 0x00000000a4a00000, 0x00000000a4b00000|  0%| F|  |TAMS 0x00000000a4a00000| PB 0x00000000a4a00000| Untracked |  0
|  39|0x00000000a4b00000, 0x00000000a4b00000, 0x00000000a4c00000|  0%| F|  |TAMS 0x00000000a4b00000| PB 0x00000000a4b00000| Untracked |  0
|  40|0x00000000a4c00000, 0x00000000a4c00000, 0x00000000a4d00000|  0%| F|  |TAMS 0x00000000a4c00000| PB 0x00000000a4c00000| Untracked |  0
|  41|0x00000000a4d00000, 0x00000000a4d00000, 0x00000000a4e00000|  0%| F|  |TAMS 0x00000000a4d00000| PB 0x00000000a4d00000| Untracked |  0
|  42|0x00000000a4e00000, 0x00000000a4f00000, 0x00000000a4f00000|100%| O|  |TAMS 0x00000000a4e00000| PB 0x00000000a4e00000| Untracked |  0
|  43|0x00000000a4f00000, 0x00000000a5000000, 0x00000000a5000000|100%| O|  |TAMS 0x00000000a4f00000| PB 0x00000000a4f00000| Untracked |  0
|  44|0x00000000a5000000, 0x00000000a5041e90, 0x00000000a5100000| 25%| S|CS|TAMS 0x00000000a5000000| PB 0x00000000a5000000| Complete |  0
|  45|0x00000000a5100000, 0x00000000a5200000, 0x00000000a5200000|100%| S|CS|TAMS 0x00000000a5100000| PB 0x00000000a5100000| Complete |  0
|  46|0x00000000a5200000, 0x00000000a5300000, 0x00000000a5300000|100%| S|CS|TAMS 0x00000000a5200000| PB 0x00000000a5200000| Complete |  0
|  47|0x00000000a5300000, 0x00000000a5400000, 0x00000000a5400000|100%| S|CS|TAMS 0x00000000a5300000| PB 0x00000000a5300000| Complete |  0
|  48|0x00000000a5400000, 0x00000000a5500000, 0x00000000a5500000|100%| S|CS|TAMS 0x00000000a5400000| PB 0x00000000a5400000| Complete |  0
|  49|0x00000000a5500000, 0x00000000a5500000, 0x00000000a5600000|  0%| F|  |TAMS 0x00000000a5500000| PB 0x00000000a5500000| Untracked |  0
|  50|0x00000000a5600000, 0x00000000a5600000, 0x00000000a5700000|  0%| F|  |TAMS 0x00000000a5600000| PB 0x00000000a5600000| Untracked |  0
|  51|0x00000000a5700000, 0x00000000a5700000, 0x00000000a5800000|  0%| F|  |TAMS 0x00000000a5700000| PB 0x00000000a5700000| Untracked |  0
|  52|0x00000000a5800000, 0x00000000a5800000, 0x00000000a5900000|  0%| F|  |TAMS 0x00000000a5800000| PB 0x00000000a5800000| Untracked |  0
|  53|0x00000000a5900000, 0x00000000a5900000, 0x00000000a5a00000|  0%| F|  |TAMS 0x00000000a5900000| PB 0x00000000a5900000| Untracked |  0
|  54|0x00000000a5a00000, 0x00000000a5a00000, 0x00000000a5b00000|  0%| F|  |TAMS 0x00000000a5a00000| PB 0x00000000a5a00000| Untracked |  0
|  55|0x00000000a5b00000, 0x00000000a5b00000, 0x00000000a5c00000|  0%| F|  |TAMS 0x00000000a5b00000| PB 0x00000000a5b00000| Untracked |  0
|  56|0x00000000a5c00000, 0x00000000a5c00000, 0x00000000a5d00000|  0%| F|  |TAMS 0x00000000a5c00000| PB 0x00000000a5c00000| Untracked |  0
|  57|0x00000000a5d00000, 0x00000000a5d00000, 0x00000000a5e00000|  0%| F|  |TAMS 0x00000000a5d00000| PB 0x00000000a5d00000| Untracked |  0
|  58|0x00000000a5e00000, 0x00000000a5e00000, 0x00000000a5f00000|  0%| F|  |TAMS 0x00000000a5e00000| PB 0x00000000a5e00000| Untracked |  0
|  59|0x00000000a5f00000, 0x00000000a5f00000, 0x00000000a6000000|  0%| F|  |TAMS 0x00000000a5f00000| PB 0x00000000a5f00000| Untracked |  0
|  60|0x00000000a6000000, 0x00000000a6000000, 0x00000000a6100000|  0%| F|  |TAMS 0x00000000a6000000| PB 0x00000000a6000000| Untracked |  0
|  61|0x00000000a6100000, 0x00000000a6100000, 0x00000000a6200000|  0%| F|  |TAMS 0x00000000a6100000| PB 0x00000000a6100000| Untracked |  0
|  62|0x00000000a6200000, 0x00000000a6200000, 0x00000000a6300000|  0%| F|  |TAMS 0x00000000a6200000| PB 0x00000000a6200000| Untracked |  0
|  63|0x00000000a6300000, 0x00000000a6300000, 0x00000000a6400000|  0%| F|  |TAMS 0x00000000a6300000| PB 0x00000000a6300000| Untracked |  0
|  64|0x00000000a6400000, 0x00000000a6400000, 0x00000000a6500000|  0%| F|  |TAMS 0x00000000a6400000| PB 0x00000000a6400000| Untracked |  0
|  65|0x00000000a6500000, 0x00000000a6500000, 0x00000000a6600000|  0%| F|  |TAMS 0x00000000a6500000| PB 0x00000000a6500000| Untracked |  0
|  66|0x00000000a6600000, 0x00000000a6600000, 0x00000000a6700000|  0%| F|  |TAMS 0x00000000a6600000| PB 0x00000000a6600000| Untracked |  0
|  67|0x00000000a6700000, 0x00000000a6700000, 0x00000000a6800000|  0%| F|  |TAMS 0x00000000a6700000| PB 0x00000000a6700000| Untracked |  0
|  68|0x00000000a6800000, 0x00000000a6800000, 0x00000000a6900000|  0%| F|  |TAMS 0x00000000a6800000| PB 0x00000000a6800000| Untracked |  0
|  69|0x00000000a6900000, 0x00000000a6900000, 0x00000000a6a00000|  0%| F|  |TAMS 0x00000000a6900000| PB 0x00000000a6900000| Untracked |  0
|  70|0x00000000a6a00000, 0x00000000a6a00000, 0x00000000a6b00000|  0%| F|  |TAMS 0x00000000a6a00000| PB 0x00000000a6a00000| Untracked |  0
|  71|0x00000000a6b00000, 0x00000000a6b00000, 0x00000000a6c00000|  0%| F|  |TAMS 0x00000000a6b00000| PB 0x00000000a6b00000| Untracked |  0
|  72|0x00000000a6c00000, 0x00000000a6c00000, 0x00000000a6d00000|  0%| F|  |TAMS 0x00000000a6c00000| PB 0x00000000a6c00000| Untracked |  0
|  73|0x00000000a6d00000, 0x00000000a6d00000, 0x00000000a6e00000|  0%| F|  |TAMS 0x00000000a6d00000| PB 0x00000000a6d00000| Untracked |  0
|  74|0x00000000a6e00000, 0x00000000a6e00000, 0x00000000a6f00000|  0%| F|  |TAMS 0x00000000a6e00000| PB 0x00000000a6e00000| Untracked |  0
|  75|0x00000000a6f00000, 0x00000000a6f00000, 0x00000000a7000000|  0%| F|  |TAMS 0x00000000a6f00000| PB 0x00000000a6f00000| Untracked |  0
|  76|0x00000000a7000000, 0x00000000a70d70e0, 0x00000000a7100000| 84%| E|  |TAMS 0x00000000a7000000| PB 0x00000000a7000000| Complete |  0
|  77|0x00000000a7100000, 0x00000000a7200000, 0x00000000a7200000|100%| E|  |TAMS 0x00000000a7100000| PB 0x00000000a7100000| Complete |  0
|  78|0x00000000a7200000, 0x00000000a7300000, 0x00000000a7300000|100%| E|CS|TAMS 0x00000000a7200000| PB 0x00000000a7200000| Complete |  0
|  79|0x00000000a7300000, 0x00000000a7400000, 0x00000000a7400000|100%| E|CS|TAMS 0x00000000a7300000| PB 0x00000000a7300000| Complete |  0
|  80|0x00000000a7400000, 0x00000000a7500000, 0x00000000a7500000|100%| E|CS|TAMS 0x00000000a7400000| PB 0x00000000a7400000| Complete |  0
|  81|0x00000000a7500000, 0x00000000a7600000, 0x00000000a7600000|100%| E|CS|TAMS 0x00000000a7500000| PB 0x00000000a7500000| Complete |  0
|  82|0x00000000a7600000, 0x00000000a7700000, 0x00000000a7700000|100%| E|CS|TAMS 0x00000000a7600000| PB 0x00000000a7600000| Complete |  0
|  83|0x00000000a7700000, 0x00000000a7800000, 0x00000000a7800000|100%| E|CS|TAMS 0x00000000a7700000| PB 0x00000000a7700000| Complete |  0
|  84|0x00000000a7800000, 0x00000000a7900000, 0x00000000a7900000|100%| E|CS|TAMS 0x00000000a7800000| PB 0x00000000a7800000| Complete |  0
|  85|0x00000000a7900000, 0x00000000a7a00000, 0x00000000a7a00000|100%| E|CS|TAMS 0x00000000a7900000| PB 0x00000000a7900000| Complete |  0
|  86|0x00000000a7a00000, 0x00000000a7b00000, 0x00000000a7b00000|100%| E|CS|TAMS 0x00000000a7a00000| PB 0x00000000a7a00000| Complete |  0
|  87|0x00000000a7b00000, 0x00000000a7c00000, 0x00000000a7c00000|100%| E|CS|TAMS 0x00000000a7b00000| PB 0x00000000a7b00000| Complete |  1
|  93|0x00000000a8100000, 0x00000000a8200000, 0x00000000a8200000|100%| E|CS|TAMS 0x00000000a8100000| PB 0x00000000a8100000| Complete |  0
|1499|0x00000000fff00000, 0x00000000fff10180, 0x0000000100000000|  6%| O|  |TAMS 0x00000000fff00000| PB 0x00000000fff00000| Untracked |  0

Card table byte_map: [0x000002397d0b0000,0x000002397d3a0000] _byte_map_base: 0x000002397cb9e000

Marking Bits: (CMBitMap*) 0x0000023965579cf0
 Bits: [0x000002397d3a0000, 0x000002397eb10000)

Polling page: 0x00000239634d0000

Metaspace:

Usage:
  Non-class:     64.21 MB used.
      Class:     10.40 MB used.
       Both:     74.61 MB used.

Virtual space:
  Non-class space:      128.00 MB reserved,      64.62 MB ( 50%) committed,  2 nodes.
      Class space:        1.00 GB reserved,      10.75 MB (  1%) committed,  1 nodes.
             Both:        1.12 GB reserved,      75.38 MB (  7%) committed. 

Chunk freelists:
   Non-Class:  15.26 MB
       Class:  5.17 MB
        Both:  20.43 MB

MaxMetaspaceSize: unlimited
CompressedClassSpaceSize: 1.00 GB
Initial GC threshold: 21.00 MB
Current GC threshold: 99.19 MB
CDS: on
 - commit_granule_bytes: 65536.
 - commit_granule_words: 8192.
 - virtual_space_node_default_size: 8388608.
 - enlarge_chunks_in_place: 1.
 - use_allocation_guard: 0.


Internal statistics:

num_allocs_failed_limit: 12.
num_arena_births: 1148.
num_arena_deaths: 0.
num_vsnodes_births: 3.
num_vsnodes_deaths: 0.
num_space_committed: 1206.
num_space_uncommitted: 0.
num_chunks_returned_to_freelist: 12.
num_chunks_taken_from_freelist: 3848.
num_chunk_merges: 12.
num_chunk_splits: 2780.
num_chunks_enlarged: 2191.
num_inconsistent_stats: 0.

CodeHeap 'non-profiled nmethods': size=120000Kb used=4624Kb max_used=4624Kb free=115375Kb
 bounds [0x0000023975340000, 0x00000239757d0000, 0x000002397c870000]
CodeHeap 'profiled nmethods': size=120000Kb used=12891Kb max_used=12891Kb free=107108Kb
 bounds [0x000002396d870000, 0x000002396e510000, 0x0000023974da0000]
CodeHeap 'non-nmethods': size=5760Kb used=1724Kb max_used=1752Kb free=4035Kb
 bounds [0x0000023974da0000, 0x0000023975010000, 0x0000023975340000]
 total_blobs=7487 nmethods=6740 adapters=651
 compilation: enabled
              stopped_count=0, restarted_count=0
 full_count=0

Compilation events (20 events):
Event: 1776.850 Thread 0x000002397f76a260 nmethod 7454 0x000002396e501390 code [0x000002396e501560, 0x000002396e501900]
Event: 1776.852 Thread 0x000002397f76a260 7455       3       com.fasterxml.jackson.databind.introspect.AnnotatedMethodCollector$MethodBuilder::<init> (20 bytes)
Event: 1776.852 Thread 0x000002397f76a260 nmethod 7455 0x000002396e501a10 code [0x000002396e501bc0, 0x000002396e501e40]
Event: 1776.852 Thread 0x000002397f76a260 7456       3       com.fasterxml.jackson.databind.introspect.AnnotatedMethodCollector$MethodBuilder::build (33 bytes)
Event: 1776.852 Thread 0x000002397f76a260 nmethod 7456 0x000002396e501f10 code [0x000002396e502120, 0x000002396e502840]
Event: 1776.852 Thread 0x000002397f76a260 7457       3       com.fasterxml.jackson.databind.introspect.POJOPropertyBuilder$2::withMember (6 bytes)
Event: 1776.852 Thread 0x000002397f76a260 nmethod 7457 0x000002396e502a90 code [0x000002396e502c40, 0x000002396e502e78]
Event: 1776.852 Thread 0x000002397f76a260 7458       3       com.fasterxml.jackson.databind.introspect.POJOPropertyBuilder$2::withMember (12 bytes)
Event: 1776.853 Thread 0x000002397f76a260 nmethod 7458 0x000002396e502f90 code [0x000002396e503140, 0x000002396e503320]
Event: 1776.853 Thread 0x000002397f76a260 7459       3       com.fasterxml.jackson.databind.introspect.JacksonAnnotationIntrospector::findReferenceType (52 bytes)
Event: 1776.854 Thread 0x000002397f76a260 nmethod 7459 0x000002396e503410 code [0x000002396e5036c0, 0x000002396e504870]
Event: 1776.854 Thread 0x000002397f76a260 7460       3       com.fasterxml.jackson.databind.introspect.POJOPropertyBuilder$1::withMember (6 bytes)
Event: 1776.854 Thread 0x000002397f76a260 nmethod 7460 0x000002396e504d10 code [0x000002396e504ec0, 0x000002396e5050f8]
Event: 1776.854 Thread 0x000002397f76a260 7461       3       com.fasterxml.jackson.databind.introspect.POJOPropertyBuilder$1::withMember (12 bytes)
Event: 1776.854 Thread 0x000002397f76a260 nmethod 7461 0x000002396e505210 code [0x000002396e5053c0, 0x000002396e5055a0]
Event: 1776.858 Thread 0x000002397f76a260 7462       3       org.springframework.util.LinkedCaseInsensitiveMap::get (43 bytes)
Event: 1776.859 Thread 0x000002397f76a260 nmethod 7462 0x000002396e505690 code [0x000002396e5058e0, 0x000002396e506308]
Event: 1776.861 Thread 0x000002397f76a260 7463       3       org.springframework.util.MultiValueMapAdapter::getFirst (33 bytes)
Event: 1776.861 Thread 0x000002397f76a260 nmethod 7463 0x000002396e506610 code [0x000002396e506800, 0x000002396e506dc0]
Event: 1776.878 Thread 0x000002397f769680 7464       4       org.springframework.core.ResolvableType::isArray (59 bytes)

GC Heap History (20 events):
Event: 1.645 GC heap before
{Heap before GC invocations=2 (full 0):
 garbage-first heap   total reserved 1536000K, committed 96256K, used 52649K [0x00000000a2400000, 0x0000000100000000)
  region size 1024K, 36 young (36864K), 3 survivors (3072K)
 Metaspace       used 18601K, committed 19008K, reserved 1114112K
  class space    used 2428K, committed 2624K, reserved 1048576K
}
Event: 1.651 GC heap after
{Heap after GC invocations=3 (full 0):
 garbage-first heap   total reserved 1536000K, committed 96256K, used 22866K [0x00000000a2400000, 0x0000000100000000)
  region size 1024K, 5 young (5120K), 5 survivors (5120K)
 Metaspace       used 18601K, committed 19008K, reserved 1114112K
  class space    used 2428K, committed 2624K, reserved 1048576K
}
Event: 1.908 GC heap before
{Heap before GC invocations=3 (full 0):
 garbage-first heap   total reserved 1536000K, committed 96256K, used 36178K [0x00000000a2400000, 0x0000000100000000)
  region size 1024K, 19 young (19456K), 5 survivors (5120K)
 Metaspace       used 21134K, committed 21504K, reserved 1114112K
  class space    used 2641K, committed 2816K, reserved 1048576K
}
Event: 1.919 GC heap after
{Heap after GC invocations=4 (full 0):
 garbage-first heap   total reserved 1536000K, committed 96256K, used 24936K [0x00000000a2400000, 0x0000000100000000)
  region size 1024K, 5 young (5120K), 5 survivors (5120K)
 Metaspace       used 21134K, committed 21504K, reserved 1114112K
  class space    used 2641K, committed 2816K, reserved 1048576K
}
Event: 2.626 GC heap before
{Heap before GC invocations=5 (full 0):
 garbage-first heap   total reserved 1536000K, committed 75776K, used 60776K [0x00000000a2400000, 0x0000000100000000)
  region size 1024K, 44 young (45056K), 5 survivors (5120K)
 Metaspace       used 27168K, committed 27520K, reserved 1114112K
  class space    used 3445K, committed 3584K, reserved 1048576K
}
Event: 2.636 GC heap after
{Heap after GC invocations=6 (full 0):
 garbage-first heap   total reserved 1536000K, committed 91136K, used 24887K [0x00000000a2400000, 0x0000000100000000)
  region size 1024K, 5 young (5120K), 5 survivors (5120K)
 Metaspace       used 27168K, committed 27520K, reserved 1114112K
  class space    used 3445K, committed 3584K, reserved 1048576K
}
Event: 3.707 GC heap before
{Heap before GC invocations=6 (full 0):
 garbage-first heap   total reserved 1536000K, committed 91136K, used 71991K [0x00000000a2400000, 0x0000000100000000)
  region size 1024K, 50 young (51200K), 5 survivors (5120K)
 Metaspace       used 35143K, committed 35712K, reserved 1114112K
  class space    used 4681K, committed 4928K, reserved 1048576K
}
Event: 3.719 GC heap after
{Heap after GC invocations=7 (full 0):
 garbage-first heap   total reserved 1536000K, committed 91136K, used 27622K [0x00000000a2400000, 0x0000000100000000)
  region size 1024K, 7 young (7168K), 7 survivors (7168K)
 Metaspace       used 35143K, committed 35712K, reserved 1114112K
  class space    used 4681K, committed 4928K, reserved 1048576K
}
Event: 3.776 GC heap before
{Heap before GC invocations=7 (full 0):
 garbage-first heap   total reserved 1536000K, committed 91136K, used 30694K [0x00000000a2400000, 0x0000000100000000)
  region size 1024K, 11 young (11264K), 7 survivors (7168K)
 Metaspace       used 35587K, committed 36096K, reserved 1114112K
  class space    used 4751K, committed 4992K, reserved 1048576K
}
Event: 3.782 GC heap after
{Heap after GC invocations=8 (full 0):
 garbage-first heap   total reserved 1536000K, committed 91136K, used 29018K [0x00000000a2400000, 0x0000000100000000)
  region size 1024K, 2 young (2048K), 2 survivors (2048K)
 Metaspace       used 35587K, committed 36096K, reserved 1114112K
  class space    used 4751K, committed 4992K, reserved 1048576K
}
Event: 4.970 GC heap before
{Heap before GC invocations=9 (full 0):
 garbage-first heap   total reserved 1536000K, committed 91136K, used 74074K [0x00000000a2400000, 0x0000000100000000)
  region size 1024K, 46 young (47104K), 2 survivors (2048K)
 Metaspace       used 47747K, committed 48320K, reserved 1114112K
  class space    used 6549K, committed 6784K, reserved 1048576K
}
Event: 4.975 GC heap after
{Heap after GC invocations=10 (full 0):
 garbage-first heap   total reserved 1536000K, committed 91136K, used 31312K [0x00000000a2400000, 0x0000000100000000)
  region size 1024K, 4 young (4096K), 4 survivors (4096K)
 Metaspace       used 47747K, committed 48320K, reserved 1114112K
  class space    used 6549K, committed 6784K, reserved 1048576K
}
Event: 5.770 GC heap before
{Heap before GC invocations=10 (full 0):
 garbage-first heap   total reserved 1536000K, committed 91136K, used 71248K [0x00000000a2400000, 0x0000000100000000)
  region size 1024K, 45 young (46080K), 4 survivors (4096K)
 Metaspace       used 59665K, committed 60288K, reserved 1114112K
  class space    used 8381K, committed 8640K, reserved 1048576K
}
Event: 5.775 GC heap after
{Heap after GC invocations=11 (full 0):
 garbage-first heap   total reserved 1536000K, committed 91136K, used 33466K [0x00000000a2400000, 0x0000000100000000)
  region size 1024K, 6 young (6144K), 6 survivors (6144K)
 Metaspace       used 59665K, committed 60288K, reserved 1114112K
  class space    used 8381K, committed 8640K, reserved 1048576K
}
Event: 5.832 GC heap before
{Heap before GC invocations=11 (full 0):
 garbage-first heap   total reserved 1536000K, committed 91136K, used 35514K [0x00000000a2400000, 0x0000000100000000)
  region size 1024K, 9 young (9216K), 6 survivors (6144K)
 Metaspace       used 59984K, committed 60608K, reserved 1114112K
  class space    used 8408K, committed 8704K, reserved 1048576K
}
Event: 5.836 GC heap after
{Heap after GC invocations=12 (full 0):
 garbage-first heap   total reserved 1536000K, committed 91136K, used 33972K [0x00000000a2400000, 0x0000000100000000)
  region size 1024K, 3 young (3072K), 3 survivors (3072K)
 Metaspace       used 59984K, committed 60608K, reserved 1114112K
  class space    used 8408K, committed 8704K, reserved 1048576K
}
Event: 6.754 GC heap before
{Heap before GC invocations=13 (full 0):
 garbage-first heap   total reserved 1536000K, committed 91136K, used 79028K [0x00000000a2400000, 0x0000000100000000)
  region size 1024K, 47 young (48128K), 3 survivors (3072K)
 Metaspace       used 66270K, committed 66944K, reserved 1114112K
  class space    used 9364K, committed 9664K, reserved 1048576K
}
Event: 6.760 GC heap after
{Heap after GC invocations=14 (full 0):
 garbage-first heap   total reserved 1536000K, committed 91136K, used 38437K [0x00000000a2400000, 0x0000000100000000)
  region size 1024K, 6 young (6144K), 6 survivors (6144K)
 Metaspace       used 66270K, committed 66944K, reserved 1114112K
  class space    used 9364K, committed 9664K, reserved 1048576K
}
Event: 1682.508 GC heap before
{Heap before GC invocations=14 (full 0):
 garbage-first heap   total reserved 1536000K, committed 91136K, used 78373K [0x00000000a2400000, 0x0000000100000000)
  region size 1024K, 46 young (47104K), 6 survivors (6144K)
 Metaspace       used 73156K, committed 73984K, reserved 1114112K
  class space    used 10247K, committed 10624K, reserved 1048576K
}
Event: 1682.651 GC heap after
{Heap after GC invocations=15 (full 0):
 garbage-first heap   total reserved 1536000K, committed 92160K, used 42312K [0x00000000a2400000, 0x0000000100000000)
  region size 1024K, 5 young (5120K), 5 survivors (5120K)
 Metaspace       used 73156K, committed 73984K, reserved 1114112K
  class space    used 10247K, committed 10624K, reserved 1048576K
}

Dll operation events (14 events):
Event: 0.013 Loaded shared library C:\Program Files\Java\jdk-22\bin\java.dll
Event: 0.046 Loaded shared library C:\Program Files\Java\jdk-22\bin\jsvml.dll
Event: 0.155 Loaded shared library C:\Program Files\Java\jdk-22\bin\zip.dll
Event: 0.158 Loaded shared library C:\Program Files\Java\jdk-22\bin\instrument.dll
Event: 0.163 Loaded shared library C:\Program Files\Java\jdk-22\bin\net.dll
Event: 0.164 Loaded shared library C:\Program Files\Java\jdk-22\bin\nio.dll
Event: 0.166 Loaded shared library C:\Program Files\Java\jdk-22\bin\zip.dll
Event: 0.301 Loaded shared library C:\Program Files\Java\jdk-22\bin\extnet.dll
Event: 0.336 Loaded shared library C:\Program Files\Java\jdk-22\bin\jimage.dll
Event: 1.204 Loaded shared library C:\Program Files\Java\jdk-22\bin\le.dll
Event: 2.160 Loaded shared library C:\Program Files\Java\jdk-22\bin\sunmscapi.dll
Event: 3.641 Loaded shared library C:\Program Files\Java\jdk-22\bin\management.dll
Event: 3.642 Loaded shared library C:\Program Files\Java\jdk-22\bin\management_ext.dll
Event: 4.264 Loaded shared library C:\Program Files\Java\jdk-22\bin\verify.dll

Deoptimization events (20 events):
Event: 1418.444 Thread 0x000002394aa61cd0 Uncommon trap: trap_request=0xffffffd6 fr.pc=0x000002397579962c relative=0x0000000000000f0c
Event: 1418.444 Thread 0x000002394aa61cd0 Uncommon trap: reason=array_check action=maybe_recompile pc=0x000002397579962c method=java.util.concurrent.ScheduledThreadPoolExecutor$DelayedWorkQueue.siftUp(ILjava/util/concurrent/RunnableScheduledFuture;)V @ 39 c2
Event: 1418.444 Thread 0x000002394aa61cd0 DEOPT PACKING pc=0x000002397579962c sp=0x000000aa62efef30
Event: 1418.445 Thread 0x000002394aa61cd0 DEOPT UNPACKING pc=0x0000023974df46a2 sp=0x000000aa62efeda0 mode 2
Event: 1418.506 Thread 0x000002394bd32050 Uncommon trap: trap_request=0xffffffd6 fr.pc=0x00000239757994cc relative=0x0000000000000dac
Event: 1418.506 Thread 0x000002394bd32050 Uncommon trap: reason=array_check action=maybe_recompile pc=0x00000239757994cc method=java.util.concurrent.ScheduledThreadPoolExecutor$DelayedWorkQueue.siftUp(ILjava/util/concurrent/RunnableScheduledFuture;)V @ 57 c2
Event: 1418.506 Thread 0x000002394bd32050 DEOPT PACKING pc=0x00000239757994cc sp=0x000000aa63aff220
Event: 1418.508 Thread 0x000002394bd32050 DEOPT UNPACKING pc=0x0000023974df46a2 sp=0x000000aa63aff090 mode 2
Event: 1418.508 Thread 0x000002394bd32050 Uncommon trap: trap_request=0xffffffd6 fr.pc=0x00000239757994cc relative=0x0000000000000dac
Event: 1418.508 Thread 0x000002394bd32050 Uncommon trap: reason=array_check action=maybe_recompile pc=0x00000239757994cc method=java.util.concurrent.ScheduledThreadPoolExecutor$DelayedWorkQueue.siftUp(ILjava/util/concurrent/RunnableScheduledFuture;)V @ 57 c2
Event: 1418.508 Thread 0x000002394bd32050 DEOPT PACKING pc=0x00000239757994cc sp=0x000000aa63aff220
Event: 1418.508 Thread 0x000002394bd32050 DEOPT UNPACKING pc=0x0000023974df46a2 sp=0x000000aa63aff090 mode 2
Event: 1418.509 Thread 0x000002394bd32050 Uncommon trap: trap_request=0xffffffd6 fr.pc=0x00000239757994cc relative=0x0000000000000dac
Event: 1418.509 Thread 0x000002394bd32050 Uncommon trap: reason=array_check action=maybe_recompile pc=0x00000239757994cc method=java.util.concurrent.ScheduledThreadPoolExecutor$DelayedWorkQueue.siftUp(ILjava/util/concurrent/RunnableScheduledFuture;)V @ 57 c2
Event: 1418.509 Thread 0x000002394bd32050 DEOPT PACKING pc=0x00000239757994cc sp=0x000000aa63aff220
Event: 1418.509 Thread 0x000002394bd32050 DEOPT UNPACKING pc=0x0000023974df46a2 sp=0x000000aa63aff090 mode 2
Event: 1776.415 Thread 0x00000239492590c0 Uncommon trap: trap_request=0xffffff45 fr.pc=0x000002397571df84 relative=0x0000000000004764
Event: 1776.415 Thread 0x00000239492590c0 Uncommon trap: reason=unstable_if action=reinterpret pc=0x000002397571df84 method=org.springframework.transaction.annotation.SpringTransactionAnnotationParser.parseTransactionAnnotation(Ljava/lang/reflect/AnnotatedElement;)Lorg/springframework/transaction
Event: 1776.415 Thread 0x00000239492590c0 DEOPT PACKING pc=0x000002397571df84 sp=0x000000aa63efd100
Event: 1776.415 Thread 0x00000239492590c0 DEOPT UNPACKING pc=0x0000023974df46a2 sp=0x000000aa63efd0e0 mode 2

Classes loaded (20 events):
Event: 1774.918 Loading class java/util/concurrent/Semaphore$NonfairSync
Event: 1774.919 Loading class java/util/concurrent/Semaphore$Sync
Event: 1774.920 Loading class java/util/concurrent/Semaphore$Sync done
Event: 1774.920 Loading class java/util/concurrent/Semaphore$NonfairSync done
Event: 1774.924 Loading class sun/nio/ch/SocketAdaptor
Event: 1774.973 Loading class sun/nio/ch/SocketAdaptor done
Event: 1775.047 Loading class sun/nio/ch/SocketChannelImpl$DefaultOptionsHolder
Event: 1775.053 Loading class sun/nio/ch/SocketChannelImpl$DefaultOptionsHolder done
Event: 1775.060 Loading class sun/nio/ch/SelectionKeyImpl
Event: 1775.071 Loading class java/nio/channels/spi/AbstractSelectionKey
Event: 1775.073 Loading class java/nio/channels/SelectionKey
Event: 1775.076 Loading class java/nio/channels/SelectionKey done
Event: 1775.076 Loading class java/nio/channels/spi/AbstractSelectionKey done
Event: 1775.076 Loading class sun/nio/ch/SelectionKeyImpl done
Event: 1775.078 Loading class java/lang/invoke/ConstantBootstraps
Event: 1775.088 Loading class java/lang/invoke/ConstantBootstraps done
Event: 1776.845 Loading class java/util/stream/LongStream
Event: 1776.846 Loading class java/util/stream/LongStream done
Event: 1776.846 Loading class java/util/stream/DoubleStream
Event: 1776.847 Loading class java/util/stream/DoubleStream done

Classes unloaded (0 events):
No events

Classes redefined (0 events):
No events

Internal exceptions (20 events):
Event: 6.611 Thread 0x00000239655301c0 Exception <a 'java/lang/NoSuchMethodError'{0x00000000a54bb338}: 'void java.lang.invoke.Invokers$Holder.invokeExact_MT(java.lang.Object, java.lang.Object, int, java.lang.Object)'> (0x00000000a54bb338) 
thrown [s\open\src\hotspot\share\interpreter\linkResolver.cpp, line 774]
Event: 6.685 Thread 0x00000239655301c0 Exception <a 'java/lang/IncompatibleClassChangeError'{0x00000000a51d6188}: Found class java.lang.Object, but interface was expected> (0x00000000a51d6188) 
thrown [s\open\src\hotspot\share\interpreter\linkResolver.cpp, line 841]
Event: 6.740 Thread 0x00000239655301c0 Exception <a 'java/lang/NoSuchMethodError'{0x00000000a4e69aa0}: 'java.lang.Object java.lang.invoke.DirectMethodHandle$Holder.newInvokeSpecial(java.lang.Object, java.lang.Object, int, java.lang.Object, java.lang.Object)'> (0x00000000a4e69aa0) 
thrown [s\open\src\hotspot\share\interpreter\linkResolver.cpp, line 774]
Event: 6.762 Thread 0x00000239655301c0 Exception <a 'java/lang/NoSuchMethodError'{0x00000000a81082b8}: 'java.lang.Object java.lang.invoke.DirectMethodHandle$Holder.invokeVirtual(java.lang.Object, java.lang.Object, java.lang.Object, java.lang.Object, java.lang.Object, java.lang.Object, java.lang.Object)'> (0x00000000a81082b8) 
thrown [s\open\src\hotspot\share\interpreter\linkResolver.cpp, line 774]
Event: 6.781 Thread 0x00000239655301c0 Exception <a 'java/lang/NoSuchMethodError'{0x00000000a7b24930}: 'double java.lang.invoke.DirectMethodHandle$Holder.invokeVirtual(java.lang.Object, java.lang.Object)'> (0x00000000a7b24930) 
thrown [s\open\src\hotspot\share\interpreter\linkResolver.cpp, line 774]
Event: 6.905 Thread 0x00000239655301c0 Exception <a 'java/lang/NoSuchMethodError'{0x00000000a72d5388}: 'java.lang.Object java.lang.invoke.DirectMethodHandle$Holder.invokeStatic(java.lang.Object, java.lang.Object, java.lang.Object, java.lang.Object, int, java.lang.Object, java.lang.Object)'> (0x00000000a72d5388) 
thrown [s\open\src\hotspot\share\interpreter\linkResolver.cpp, line 774]
Event: 6.955 Thread 0x00000239655301c0 Exception <a 'java/lang/NoSuchMethodError'{0x00000000a706c860}: 'int java.lang.invoke.DirectMethodHandle$Holder.invokeStatic(java.lang.Object, int, int, int, int)'> (0x00000000a706c860) 
thrown [s\open\src\hotspot\share\interpreter\linkResolver.cpp, line 774]
Event: 7.374 Thread 0x00000239655301c0 Exception <a 'java/lang/NoSuchMethodError'{0x00000000a66ffb08}: 'java.lang.Object java.lang.invoke.DirectMethodHandle$Holder.invokeStatic(java.lang.Object, int, int)'> (0x00000000a66ffb08) 
thrown [s\open\src\hotspot\share\interpreter\linkResolver.cpp, line 774]
Event: 7.444 Thread 0x0000023949258a30 Exception <a 'java/lang/NoSuchMethodError'{0x00000000a5fa2580}: 'long java.lang.invoke.DelegatingMethodHandle$Holder.reinvoke_L(java.lang.Object, java.lang.Object)'> (0x00000000a5fa2580) 
thrown [s\open\src\hotspot\share\interpreter\linkResolver.cpp, line 774]
Event: 37.440 Thread 0x000002394d310740 Exception <a 'java/lang/NoSuchMethodError'{0x00000000a5d18248}: 'long java.lang.invoke.DirectMethodHandle$Holder.invokeStatic(java.lang.Object, java.lang.Object, int)'> (0x00000000a5d18248) 
thrown [s\open\src\hotspot\share\interpreter\linkResolver.cpp, line 774]
Event: 37.440 Thread 0x000002394d310740 Exception <a 'java/lang/NoSuchMethodError'{0x00000000a5d22768}: 'java.lang.Object java.lang.invoke.DelegatingMethodHandle$Holder.reinvoke_L(java.lang.Object, int, int, long, java.lang.Object, long, long, long)'> (0x00000000a5d22768) 
thrown [s\open\src\hotspot\share\interpreter\linkResolver.cpp, line 774]
Event: 37.442 Thread 0x000002394d310740 Exception <a 'java/lang/NoSuchMethodError'{0x00000000a5d46108}: 'java.lang.Object java.lang.invoke.DelegatingMethodHandle$Holder.reinvoke_L(java.lang.Object, java.lang.Object, java.lang.Object, java.lang.Object, java.lang.Object, java.lang.Object, java.lang.Object, java.lang.Object, java.lang.Object, java.lang.Object, java.lang.Object, java.lang.Object, java.lang.Object, java.lang.Object, int, java.lang.Object, java.lang.Object, java.lang.Object, java.lang.Object, java.lang.Object, java.lang.Object, java.l
Event: 37.444 Thread 0x000002394d310740 Exception <a 'java/lang/NoSuchMethodError'{0x00000000a5d9df00}: 'java.lang.Object java.lang.invoke.DirectMethodHandle$Holder.invokeStatic(java.lang.Object, java.lang.Object, java.lang.Object, java.lang.Object, java.lang.Object, java.lang.Object, java.lang.Object, java.lang.Object, java.lang.Object, java.lang.Object, java.lang.Object, java.lang.Object, java.lang.Object)'> (0x00000000a5d9df00) 
thrown [s\open\src\hotspot\share\interpreter\linkResolver.cpp, line 774]
Event: 37.445 Thread 0x000002394d310740 Exception <a 'java/lang/NoSuchMethodError'{0x00000000a5dbe510}: 'java.lang.Object java.lang.invoke.DirectMethodHandle$Holder.invokeStatic(java.lang.Object, java.lang.Object, java.lang.Object, java.lang.Object, java.lang.Object, java.lang.Object, java.lang.Object, java.lang.Object, java.lang.Object, java.lang.Object, java.lang.Object, java.lang.Object, java.lang.Object, java.lang.Object)'> (0x00000000a5dbe510) 
thrown [s\open\src\hotspot\share\interpreter\linkResolver.cpp, line 774]
Event: 37.446 Thread 0x000002394d310740 Exception <a 'java/lang/NoSuchMethodError'{0x00000000a5dd4928}: 'java.lang.Object java.lang.invoke.DelegatingMethodHandle$Holder.reinvoke_L(java.lang.Object, java.lang.Object, java.lang.Object, java.lang.Object, java.lang.Object, java.lang.Object, java.lang.Object, java.lang.Object, java.lang.Object, java.lang.Object, java.lang.Object, java.lang.Object, java.lang.Object, java.lang.Object, java.lang.Object, java.lang.Object, java.lang.Object, java.lang.Object, java.lang.Object, java.lang.Object, java.lang.O
Event: 1774.778 Thread 0x000002394d312810 Exception <a 'java/lang/NoSuchMethodError'{0x00000000a7a890d8}: 'java.lang.Object java.lang.invoke.DirectMethodHandle$Holder.invokeStatic(java.lang.Object, java.lang.Object, java.lang.Object, int, int)'> (0x00000000a7a890d8) 
thrown [s\open\src\hotspot\share\interpreter\linkResolver.cpp, line 774]
Event: 1774.789 Thread 0x000002394d312810 Exception <a 'java/lang/NoSuchMethodError'{0x00000000a7a8c830}: 'java.lang.Object java.lang.invoke.DirectMethodHandle$Holder.invokeStaticInit(java.lang.Object, java.lang.Object, java.lang.Object, int, int)'> (0x00000000a7a8c830) 
thrown [s\open\src\hotspot\share\interpreter\linkResolver.cpp, line 774]
Event: 1775.333 Thread 0x00000239492590c0 Exception <a 'java/lang/NoSuchMethodError'{0x00000000a79d27d8}: 'java.lang.Object java.lang.invoke.DirectMethodHandle$Holder.invokeSpecial(java.lang.Object, java.lang.Object, java.lang.Object, java.lang.Object, java.lang.Object, long)'> (0x00000000a79d27d8) 
thrown [s\open\src\hotspot\share\interpreter\linkResolver.cpp, line 774]
Event: 1775.333 Thread 0x00000239492590c0 Exception <a 'java/lang/NoSuchMethodError'{0x00000000a79d5f50}: 'java.lang.Object java.lang.invoke.Invokers$Holder.linkToTargetMethod(java.lang.Object, java.lang.Object, java.lang.Object, long, java.lang.Object)'> (0x00000000a79d5f50) 
thrown [s\open\src\hotspot\share\interpreter\linkResolver.cpp, line 774]
Event: 1776.633 Thread 0x00000239492590c0 Exception <a 'java/lang/NoSuchMethodError'{0x00000000a723e658}: 'int java.lang.invoke.DirectMethodHandle$Holder.invokeStatic(java.lang.Object, java.lang.Object, int, int)'> (0x00000000a723e658) 
thrown [s\open\src\hotspot\share\interpreter\linkResolver.cpp, line 774]

ZGC Phase Switch (0 events):
No events

VM Operations (20 events):
Event: 1698.763 Executing VM operation: Cleanup
Event: 1698.763 Executing VM operation: Cleanup done
Event: 1756.186 Executing VM operation: Cleanup
Event: 1756.186 Executing VM operation: Cleanup done
Event: 1775.045 Executing VM operation: HandshakeAllThreads (Deoptimize)
Event: 1775.046 Executing VM operation: HandshakeAllThreads (Deoptimize) done
Event: 1775.046 Executing VM operation: Cleanup
Event: 1775.046 Executing VM operation: Cleanup done
Event: 1775.397 Executing VM operation: HandshakeAllThreads (Deoptimize)
Event: 1775.397 Executing VM operation: HandshakeAllThreads (Deoptimize) done
Event: 1776.234 Executing VM operation: HandshakeAllThreads (Deoptimize)
Event: 1776.235 Executing VM operation: HandshakeAllThreads (Deoptimize) done
Event: 1776.235 Executing VM operation: Cleanup
Event: 1776.235 Executing VM operation: Cleanup done
Event: 1776.518 Executing VM operation: HandshakeAllThreads (Deoptimize)
Event: 1776.519 Executing VM operation: HandshakeAllThreads (Deoptimize) done
Event: 1776.832 Executing VM operation: HandshakeAllThreads (Deoptimize)
Event: 1776.832 Executing VM operation: HandshakeAllThreads (Deoptimize) done
Event: 1776.839 Executing VM operation: HandshakeAllThreads (Deoptimize)
Event: 1776.839 Executing VM operation: HandshakeAllThreads (Deoptimize) done

Memory protections (0 events):
No events

Nmethod flushes (20 events):
Event: 5.863 Thread 0x000002397f73a310 flushing  nmethod 0x000002396db9d990
Event: 5.863 Thread 0x000002397f73a310 flushing  nmethod 0x000002396dbf8d90
Event: 5.863 Thread 0x000002397f73a310 flushing  nmethod 0x000002396dc39110
Event: 5.863 Thread 0x000002397f73a310 flushing  nmethod 0x000002396dc8ba10
Event: 5.863 Thread 0x000002397f73a310 flushing  nmethod 0x000002396dc8c490
Event: 5.863 Thread 0x000002397f73a310 flushing  nmethod 0x000002396dcdb390
Event: 5.863 Thread 0x000002397f73a310 flushing  nmethod 0x000002396dd28690
Event: 5.863 Thread 0x000002397f73a310 flushing  nmethod 0x000002396dd82790
Event: 5.863 Thread 0x000002397f73a310 flushing  nmethod 0x000002396dddd390
Event: 5.863 Thread 0x000002397f73a310 flushing  nmethod 0x000002396ddde910
Event: 5.863 Thread 0x000002397f73a310 flushing  nmethod 0x000002396de2c690
Event: 5.863 Thread 0x000002397f73a310 flushing  nmethod 0x000002396de8b790
Event: 5.863 Thread 0x000002397f73a310 flushing  nmethod 0x000002396df1a590
Event: 5.863 Thread 0x000002397f73a310 flushing  nmethod 0x000002396df1aa90
Event: 5.863 Thread 0x000002397f73a310 flushing  nmethod 0x000002396df1bf10
Event: 5.863 Thread 0x000002397f73a310 flushing  nmethod 0x000002396df1cf10
Event: 5.863 Thread 0x000002397f73a310 flushing  nmethod 0x000002396df1e890
Event: 5.863 Thread 0x000002397f73a310 flushing  nmethod 0x000002396df20590
Event: 5.863 Thread 0x000002397f73a310 flushing  nmethod 0x000002396dfbd190
Event: 5.863 Thread 0x000002397f73a310 flushing  nmethod 0x000002396e05f290

Events (20 events):
Event: 1590.225 Thread 0x00000239472f2b40 Thread added: 0x000002394d313bc0
Event: 1590.232 Thread 0x000002394d313bc0 Thread added: 0x000002394d314250
Event: 1595.239 Thread 0x000002394d313bc0 Thread exited: 0x000002394d313bc0
Event: 1595.424 Thread 0x000002394d314250 Thread exited: 0x000002394d314250
Event: 1629.742 Thread 0x00000239472f2b40 Thread added: 0x000002394d311af0
Event: 1629.752 Thread 0x000002394d311af0 Thread added: 0x000002394d313530
Event: 1634.756 Thread 0x000002394d311af0 Thread exited: 0x000002394d311af0
Event: 1634.912 Thread 0x000002394d313530 Thread exited: 0x000002394d313530
Event: 1682.505 Thread 0x00000239472f2b40 Thread added: 0x000002394d311af0
Event: 1682.654 Thread 0x000002394d311af0 Thread added: 0x000002394d313530
Event: 1687.666 Thread 0x000002394d311af0 Thread exited: 0x000002394d311af0
Event: 1687.873 Thread 0x000002394d313530 Thread exited: 0x000002394d313530
Event: 1697.940 Thread 0x00000239472f2b40 Thread added: 0x000002394d311af0
Event: 1697.941 Thread 0x000002394d311af0 Thread added: 0x000002394d314f70
Event: 1702.948 Thread 0x000002394d311af0 Thread exited: 0x000002394d311af0
Event: 1703.104 Thread 0x000002394d314f70 Thread exited: 0x000002394d314f70
Event: 1753.166 Thread 0x00000239472f2b40 Thread added: 0x000002394d314f70
Event: 1753.172 Thread 0x000002394d314f70 Thread added: 0x000002394d311af0
Event: 1760.991 Thread 0x000002394d314f70 Thread exited: 0x000002394d314f70
Event: 1761.146 Thread 0x000002394d311af0 Thread exited: 0x000002394d311af0


Dynamic libraries:
0x00007ff7bf540000 - 0x00007ff7bf550000 	C:\Program Files\Java\jdk-22\bin\java.exe
0x00007ffa8cd90000 - 0x00007ffa8cfa7000 	C:\WINDOWS\SYSTEM32\ntdll.dll
0x00007ffa8bb90000 - 0x00007ffa8bc54000 	C:\WINDOWS\System32\KERNEL32.DLL
0x00007ffa8a140000 - 0x00007ffa8a512000 	C:\WINDOWS\System32\KERNELBASE.dll
0x00007ffa8a650000 - 0x00007ffa8a761000 	C:\WINDOWS\System32\ucrtbase.dll
0x00007ffa067c0000 - 0x00007ffa067db000 	C:\Program Files\Java\jdk-22\bin\VCRUNTIME140.dll
0x00007ffa067a0000 - 0x00007ffa067b7000 	C:\Program Files\Java\jdk-22\bin\jli.dll
0x00007ffa8b4b0000 - 0x00007ffa8b661000 	C:\WINDOWS\System32\USER32.dll
0x00007ffa8a090000 - 0x00007ffa8a0b6000 	C:\WINDOWS\System32\win32u.dll
0x00007ffa76b70000 - 0x00007ffa76e0b000 	C:\WINDOWS\WinSxS\amd64_microsoft.windows.common-controls_6595b64144ccf1df_6.0.22621.5547_none_27104afb73855772\COMCTL32.dll
0x00007ffa8b950000 - 0x00007ffa8b979000 	C:\WINDOWS\System32\GDI32.dll
0x00007ffa8bae0000 - 0x00007ffa8bb87000 	C:\WINDOWS\System32\msvcrt.dll
0x00007ffa8a520000 - 0x00007ffa8a643000 	C:\WINDOWS\System32\gdi32full.dll
0x00007ffa89f30000 - 0x00007ffa89fca000 	C:\WINDOWS\System32\msvcp_win.dll
0x00007ffa8c7d0000 - 0x00007ffa8c801000 	C:\WINDOWS\System32\IMM32.DLL
0x00007ffa22b20000 - 0x00007ffa22b2c000 	C:\Program Files\Java\jdk-22\bin\vcruntime140_1.dll
0x00007ffa06710000 - 0x00007ffa0679e000 	C:\Program Files\Java\jdk-22\bin\msvcp140.dll
0x00007ff9c1440000 - 0x00007ff9c2189000 	C:\Program Files\Java\jdk-22\bin\server\jvm.dll
0x00007ffa8aa30000 - 0x00007ffa8aae1000 	C:\WINDOWS\System32\ADVAPI32.dll
0x00007ffa8b400000 - 0x00007ffa8b4a8000 	C:\WINDOWS\System32\sechost.dll
0x00007ffa89f00000 - 0x00007ffa89f28000 	C:\WINDOWS\System32\bcrypt.dll
0x00007ffa8b700000 - 0x00007ffa8b814000 	C:\WINDOWS\System32\RPCRT4.dll
0x00007ffa8bce0000 - 0x00007ffa8bd51000 	C:\WINDOWS\System32\WS2_32.dll
0x00007ffa89d50000 - 0x00007ffa89d9d000 	C:\WINDOWS\SYSTEM32\POWRPROF.dll
0x00007ffa845f0000 - 0x00007ffa84624000 	C:\WINDOWS\SYSTEM32\WINMM.dll
0x00007ffa81830000 - 0x00007ffa8183a000 	C:\WINDOWS\SYSTEM32\VERSION.dll
0x00007ffa89d30000 - 0x00007ffa89d43000 	C:\WINDOWS\SYSTEM32\UMPDC.dll
0x00007ffa88dd0000 - 0x00007ffa88de8000 	C:\WINDOWS\SYSTEM32\kernel.appcore.dll
0x00007ffa06ae0000 - 0x00007ffa06aea000 	C:\Program Files\Java\jdk-22\bin\jimage.dll
0x00007ffa87950000 - 0x00007ffa87b83000 	C:\WINDOWS\SYSTEM32\DBGHELP.DLL
0x00007ffa8c430000 - 0x00007ffa8c7c3000 	C:\WINDOWS\System32\combase.dll
0x00007ffa8bd60000 - 0x00007ffa8be37000 	C:\WINDOWS\System32\OLEAUT32.dll
0x00007ffa7bf20000 - 0x00007ffa7bf52000 	C:\WINDOWS\SYSTEM32\dbgcore.DLL
0x00007ffa89e80000 - 0x00007ffa89efb000 	C:\WINDOWS\System32\bcryptPrimitives.dll
0x00007ffa86c00000 - 0x00007ffa86c0f000 	C:\Program Files\Java\jdk-22\bin\instrument.dll
0x00007ffa066f0000 - 0x00007ffa0670e000 	C:\Program Files\Java\jdk-22\bin\java.dll
0x00007ffa8aaf0000 - 0x00007ffa8b392000 	C:\WINDOWS\System32\SHELL32.dll
0x00007ffa8a8e0000 - 0x00007ffa8aa1f000 	C:\WINDOWS\System32\wintypes.dll
0x00007ffa8cbb0000 - 0x00007ffa8cd50000 	C:\WINDOWS\System32\ole32.dll
0x00007ffa87d20000 - 0x00007ffa8863d000 	C:\WINDOWS\SYSTEM32\windows.storage.dll
0x00007ffa8c9e0000 - 0x00007ffa8caec000 	C:\WINDOWS\System32\SHCORE.dll
0x00007ffa8b690000 - 0x00007ffa8b6f9000 	C:\WINDOWS\System32\shlwapi.dll
0x00007ffa89db0000 - 0x00007ffa89ddb000 	C:\WINDOWS\SYSTEM32\profapi.dll
0x00007ff9c6a40000 - 0x00007ff9c6b17000 	C:\Program Files\Java\jdk-22\bin\jsvml.dll
0x00007ffa066a0000 - 0x00007ffa066b7000 	C:\Program Files\Java\jdk-22\bin\zip.dll
0x00007ffa066e0000 - 0x00007ffa066f0000 	C:\Program Files\Java\jdk-22\bin\net.dll
0x00007ffa892e0000 - 0x00007ffa89349000 	C:\WINDOWS\system32\mswsock.dll
0x00007ffa066c0000 - 0x00007ffa066d6000 	C:\Program Files\Java\jdk-22\bin\nio.dll
0x00007ff9db300000 - 0x00007ff9db309000 	C:\Program Files\Java\jdk-22\bin\extnet.dll
0x00007ffa888a0000 - 0x00007ffa888cd000 	C:\WINDOWS\SYSTEM32\IPHLPAPI.DLL
0x00007ffa8caf0000 - 0x00007ffa8caf9000 	C:\WINDOWS\System32\NSI.dll
0x00007ffa888d0000 - 0x00007ffa889c8000 	C:\WINDOWS\SYSTEM32\DNSAPI.dll
0x00007ffa80020000 - 0x00007ffa8002a000 	C:\Windows\System32\rasadhlp.dll
0x00007ffa81dc0000 - 0x00007ffa81e44000 	C:\WINDOWS\System32\fwpuclnt.dll
0x00007ffa84d20000 - 0x00007ffa84d2b000 	C:\Program Files\Java\jdk-22\bin\le.dll
0x00007ff9f8a80000 - 0x00007ff9f8a8e000 	C:\Program Files\Java\jdk-22\bin\sunmscapi.dll
0x00007ffa8a770000 - 0x00007ffa8a8d7000 	C:\WINDOWS\System32\CRYPT32.dll
0x00007ffa89740000 - 0x00007ffa8976d000 	C:\WINDOWS\SYSTEM32\ncrypt.dll
0x00007ffa89700000 - 0x00007ffa89737000 	C:\WINDOWS\SYSTEM32\NTASN1.dll
0x00007ffa89530000 - 0x00007ffa8954b000 	C:\WINDOWS\SYSTEM32\CRYPTSP.dll
0x00007ffa88df0000 - 0x00007ffa88e27000 	C:\WINDOWS\system32\rsaenh.dll
0x00007ffa89380000 - 0x00007ffa893a8000 	C:\WINDOWS\SYSTEM32\USERENV.dll
0x00007ffa894f0000 - 0x00007ffa894fc000 	C:\WINDOWS\SYSTEM32\CRYPTBASE.dll
0x00007ff9db2a0000 - 0x00007ff9db2aa000 	C:\Program Files\Java\jdk-22\bin\management.dll
0x00007ff9db290000 - 0x00007ff9db29b000 	C:\Program Files\Java\jdk-22\bin\management_ext.dll
0x00007ffa8aa20000 - 0x00007ffa8aa28000 	C:\WINDOWS\System32\PSAPI.DLL
0x00007ffa84d60000 - 0x00007ffa84d70000 	C:\Program Files\Java\jdk-22\bin\verify.dll
0x00007ffa16cd0000 - 0x00007ffa16cd8000 	C:\WINDOWS\system32\wshunix.dll

dbghelp: loaded successfully - version: 4.0.5 - missing functions: none
symbol engine: initialized successfully - sym options: 0x614 - pdb path: .;C:\Program Files\Java\jdk-22\bin;C:\WINDOWS\SYSTEM32;C:\WINDOWS\WinSxS\amd64_microsoft.windows.common-controls_6595b64144ccf1df_6.0.22621.5547_none_27104afb73855772;C:\Program Files\Java\jdk-22\bin\server

VM Arguments:
jvm_args: -javaagent:C:\Program Files\JetBrains\IntelliJ IDEA Community Edition 2025.1.3\lib\idea_rt.jar=62719 -Dfile.encoding=UTF-8 -Dsun.stdout.encoding=UTF-8 -Dsun.stderr.encoding=UTF-8 
java_command: com.infosys.DEPT_SERVICE.DeptServiceApplication
java_class_path (initial): C:\Users\pushk\OneDrive\Pictures\Desktop\Assignment\DEPT-SERVICE\target\classes;C:\Users\pushk\.m2\repository\org\springframework\boot\spring-boot-starter-data-jpa\3.5.3\spring-boot-starter-data-jpa-3.5.3.jar;C:\Users\pushk\.m2\repository\org\springframework\boot\spring-boot-starter\3.5.3\spring-boot-starter-3.5.3.jar;C:\Users\pushk\.m2\repository\org\springframework\boot\spring-boot\3.5.3\spring-boot-3.5.3.jar;C:\Users\pushk\.m2\repository\org\springframework\boot\spring-boot-autoconfigure\3.5.3\spring-boot-autoconfigure-3.5.3.jar;C:\Users\pushk\.m2\repository\org\springframework\boot\spring-boot-starter-logging\3.5.3\spring-boot-starter-logging-3.5.3.jar;C:\Users\pushk\.m2\repository\ch\qos\logback\logback-classic\1.5.18\logback-classic-1.5.18.jar;C:\Users\pushk\.m2\repository\ch\qos\logback\logback-core\1.5.18\logback-core-1.5.18.jar;C:\Users\pushk\.m2\repository\org\apache\logging\log4j\log4j-to-slf4j\2.24.3\log4j-to-slf4j-2.24.3.jar;C:\Users\pushk\.m2\repository\org\apache\logging\log4j\log4j-api\2.24.3\log4j-api-2.24.3.jar;C:\Users\pushk\.m2\repository\org\slf4j\jul-to-slf4j\2.0.17\jul-to-slf4j-2.0.17.jar;C:\Users\pushk\.m2\repository\jakarta\annotation\jakarta.annotation-api\2.1.1\jakarta.annotation-api-2.1.1.jar;C:\Users\pushk\.m2\repository\org\yaml\snakeyaml\2.4\snakeyaml-2.4.jar;C:\Users\pushk\.m2\repository\org\springframework\boot\spring-boot-starter-jdbc\3.5.3\spring-boot-starter-jdbc-3.5.3.jar;C:\Users\pushk\.m2\repository\com\zaxxer\HikariCP\6.3.0\HikariCP-6.3.0.jar;C:\Users\pushk\.m2\repository\org\springframework\spring-jdbc\6.2.8\spring-jdbc-6.2.8.jar;C:\Users\pushk\.m2\repository\org\hibernate\orm\hibernate-core\6.6.18.Final\hibernate-core-6.6.18.Final.jar;C:\Users\pushk\.m2\repository\jakarta\persistence\jakarta.persistence-api\3.1.0\jakarta.persistence-api-3.1.0.jar;C:\Users\pushk\.m2\repository\jakarta\transaction\jakarta.transaction-api\2.0.1\jakarta.transaction-api-2.0.1.jar;C:\Users\pushk\.m2\repository\org\jboss\logging\jboss-logging\3.6.1.Final\jboss-logging-3.6.1.Final.jar;C:\Users\pushk\.m2\repository\org\hibernate\common\hibernate-commons-annotations\7.0.3.Final\hibernate-commons-annotations-7.0.3.Final.jar;C:\Users\pushk\.m2\repository\io\smallrye\jandex\3.2.0\jandex-3.2.0.jar;C:\Users\pushk\.m2\repository\com\fasterxml\classmate\1.7.0\classmate-1.7.0.jar;C:\Users\pushk\.m2\repository\net\bytebuddy\byte-buddy\1.17.6\byte-buddy-1.17.6.jar;C:\Users\pushk\.m2\repository\org\glassfish\jaxb\jaxb-runtime\4.0.5\jaxb-runtime-4.0.5.jar;C:\Users\pushk\.m2\repository\org\glassfish\jaxb\jaxb-core\4.0.5\jaxb-core-4.0.5.jar;C:\Users\pushk\.m2\repository\org\eclipse\angus\angus-activation\2.0.2\angus-activation-2.0.2.jar;C:\Users\pushk\.m2\repository\org\glassfish\jaxb\txw2\4.0.5\txw2-4.0.5.jar;C:\Users\pushk\.m2\repository\com\sun\istack\istack-commons-runtime\4.1.2\istack-commons-runtime-4.1.2.jar;C:\Users\pushk\.m2\repository\jakarta\inject\jakarta.inject-api\2.0.1\jakarta.inject-api-2.0.1.jar;C:\Users\pushk\.m2\repository\org\antlr\antlr4-runtime\4.13.0\antlr4-runtime-4.13.0.jar;C:\Users\pushk\.m2\repository\org\springframework\data\spring-data-jpa\3.5.1\spring-data-jpa-3.5.1.jar;C:\Users\pushk\.m2\repository\org\springframework\data\spring-data-commons\3.5.1\spring-data-commons-3.5.1.jar;C:\Users\pushk\.m2\repository\org\springframework\spring-orm\6.2.8\spring-orm-6.2.8.jar;C:\Users\pushk\.m2\repository\org\springframework\spring-context\6.2.8\spring-context-6.2.8.jar;C:\Users\pushk\.m2\repository\org\springframework\spring-aop\6.2.8\spring-aop-6.2.8.jar;C:\Users\pushk\.m2\repository\org\springframework\spring-tx\6.2.8\spring-tx-6.2.8.jar;C:\Users\pushk\.m2\repository\org\springframework\spring-beans\6.2.8\spring-beans-6.2.8.jar;C:\Users\pushk\.m2\repository\org\slf4j\slf4j-api\2.0.17\slf4j-api-2.0.17.jar;C:\Users\pushk\.m2\repository\org\springframework\spring-aspects\6.2.8\spring-aspects-6.2.8.jar;C:\Users\pushk\.m2\repository\org\aspectj\aspectjweaver\1.9.24\aspectjweaver-1.9.24.jar;C:\Users\pushk\.m2\repository\org\springframework\boot\spring-boot-starter-validation\3.5.3\spring-boot-starter-validation-3.5.3.jar;C:\Users\pushk\.m2\repository\org\apache\tomcat\embed\tomcat-embed-el\10.1.42\tomcat-embed-el-10.1.42.jar;C:\Users\pushk\.m2\repository\org\hibernate\validator\hibernate-validator\8.0.2.Final\hibernate-validator-8.0.2.Final.jar;C:\Users\pushk\.m2\repository\jakarta\validation\jakarta.validation-api\3.0.2\jakarta.validation-api-3.0.2.jar;C:\Users\pushk\.m2\repository\org\springframework\boot\spring-boot-starter-web\3.5.3\spring-boot-starter-web-3.5.3.jar;C:\Users\pushk\.m2\repository\org\springframework\boot\spring-boot-starter-json\3.5.3\spring-boot-starter-json-3.5.3.jar;C:\Users\pushk\.m2\repository\com\fasterxml\jackson\core\jackson-databind\2.19.1\jackson-databind-2.19.1.jar;C:\Users\pushk\.m2\repository\com\fasterxml\jackson\datatype\jackson-datatype-jdk8\2.19.1\jackson-datatype-jdk8-2.19.1.jar;C:\Users\pushk\.m2\repository\com\fasterxml\jackson\datatype\jackson-datatype-jsr310\2.19.1\jackson-datatype-jsr310-2.19.1.jar;C:\Users\pushk\.m2\repository\com\fasterxml\jackson\module\jackson-module-parameter-names\2.19.1\jackson-module-parameter-names-2.19.1.jar;C:\Users\pushk\.m2\repository\org\springframework\boot\spring-boot-starter-tomcat\3.5.3\spring-boot-starter-tomcat-3.5.3.jar;C:\Users\pushk\.m2\repository\org\apache\tomcat\embed\tomcat-embed-core\10.1.42\tomcat-embed-core-10.1.42.jar;C:\Users\pushk\.m2\repository\org\apache\tomcat\embed\tomcat-embed-websocket\10.1.42\tomcat-embed-websocket-10.1.42.jar;C:\Users\pushk\.m2\repository\org\springframework\spring-web\6.2.8\spring-web-6.2.8.jar;C:\Users\pushk\.m2\repository\io\micrometer\micrometer-observation\1.15.1\micrometer-observation-1.15.1.jar;C:\Users\pushk\.m2\repository\io\micrometer\micrometer-commons\1.15.1\micrometer-commons-1.15.1.jar;C:\Users\pushk\.m2\repository\org\springframework\spring-webmvc\6.2.8\spring-webmvc-6.2.8.jar;C:\Users\pushk\.m2\repository\org\springframework\spring-expression\6.2.8\spring-expression-6.2.8.jar;C:\Users\pushk\.m2\repository\org\springframework\cloud\spring-cloud-starter-netflix-eureka-client\4.3.0\spring-cloud-starter-netflix-eureka-client-4.3.0.jar;C:\Users\pushk\.m2\repository\org\springframework\cloud\spring-cloud-starter\4.3.0\spring-cloud-starter-4.3.0.jar;C:\Users\pushk\.m2\repository\org\springframework\cloud\spring-cloud-context\4.3.0\spring-cloud-context-4.3.0.jar;C:\Users\pushk\.m2\repository\org\springframework\security\spring-security-crypto\6.5.1\spring-security-crypto-6.5.1.jar;C:\Users\pushk\.m2\repository\org\springframework\cloud\spring-cloud-commons\4.3.0\spring-cloud-commons-4.3.0.jar;C:\Users\pushk\.m2\repository\org\bouncycastle\bcprov-jdk18on\1.80\bcprov-jdk18on-1.80.jar;C:\Users\pushk\.m2\repository\org\springframework\cloud\spring-cloud-netflix-eureka-client\4.3.0\spring-cloud-netflix-eureka-client-4.3.0.jar;C:\Users\pushk\.m2\repository\org\apache\httpcomponents\client5\httpclient5\5.5\httpclient5-5.5.jar;C:\Users\pushk\.m2\repository\org\apache\httpcomponents\core5\httpcore5\5.3.4\httpcore5-5.3.4.jar;C:\Users\pushk\.m2\repository\org\apache\httpcomponents\core5\httpcore5-h2\5.3.4\httpcore5-h2-5.3.4.jar;C:\Users\pushk\.m2\repository\com\netflix\eureka\eureka-client\2.0.4\eureka-client-2.0.4.jar;C:\Users\pushk\.m2\repository\com\thoughtworks\xstream\xstream\1.4.20\xstream-1.4.20.jar;C:\Users\pushk\.m2\repository\io\github\x-stream\mxparser\1.2.2\mxparser-1.2.2.jar;C:\Users\pushk\.m2\repository\xmlpull\xmlpull\1.1.3.1\xmlpull-1.1.3.1.jar;C:\Users\pushk\.m2\repository\jakarta\ws\rs\jakarta.ws.rs-api\3.1.0\jakarta.ws.rs-api-3.1.0.jar;C:\Users\pushk\.m2\repository\com\netflix\spectator\spectator-api\1.7.3\spectator-api-1.7.3.jar;C:\Users\pushk\.m2\repository\org\apache\httpcomponents\httpclient\4.5.3\httpclient-4.5.3.jar;C:\Users\pushk\.m2\repository\org\apache\httpcomponents\httpcore\4.4.16\httpcore-4.4.16.jar;C:\Users\pushk\.m2\repository\commons-codec\commons-codec\1.18.0\commons-codec-1.18.0.jar;C:\Users\pushk\.m2\repository\commons-configuration\commons-configuration\1.10\commons-configuration-1.10.jar;C:\Users\pushk\.m2\repository\commons-lang\commons-lang\2.6\commons-lang-2.6.jar;C:\Users\pushk\.m2\repository\com\fasterxml\jackson\core\jackson-annotations\2.19.1\jackson-annotations-2.19.1.jar;C:\Users\pushk\.m2\repository\com\fasterxml\jackson\core\jackson-core\2.19.1\jackson-core-2.19.1.jar;C:\Users\pushk\.m2\repository\com\netflix\netflix-commons\netflix-eventbus\0.3.0\netflix-eventbus-0.3.0.jar;C:\Users\pushk\.m2\repository\com\netflix\netflix-commons\netflix-infix\0.3.0\netflix-infix-0.3.0.jar;C:\Users\pushk\.m2\repository\commons-jxpath\commons-jxpath\1.3\commons-jxpath-1.3.jar;C:\Users\pushk\.m2\repository\joda-time\joda-time\2.3\joda-time-2.3.jar;C:\Users\pushk\.m2\repository\org\antlr\antlr-runtime\3.4\antlr-runtime-3.4.jar;C:\Users\pushk\.m2\repository\org\antlr\stringtemplate\3.2.1\stringtemplate-3.2.1.jar;C:\Users\pushk\.m2\repository\antlr\antlr\2.7.7\antlr-2.7.7.jar;C:\Users\pushk\.m2\repository\com\google\guava\guava\14.0.1\guava-14.0.1.jar;C:\Users\pushk\.m2\repository\com\google\code\gson\gson\2.13.1\gson-2.13.1.jar;C:\Users\pushk\.m2\repository\com\google\errorprone\error_prone_annotations\2.38.0\error_prone_annotations-2.38.0.jar;C:\Users\pushk\.m2\repository\com\netflix\servo\servo-core\0.5.3\servo-core-0.5.3.jar;C:\Users\pushk\.m2\repository\org\apache\commons\commons-math\2.2\commons-math-2.2.jar;C:\Users\pushk\.m2\repository\javax\annotation\javax.annotation-api\1.2\javax.annotation-api-1.2.jar;C:\Users\pushk\.m2\repository\org\codehaus\jettison\jettison\1.5.4\jettison-1.5.4.jar;C:\Users\pushk\.m2\repository\org\springframework\cloud\spring-cloud-starter-loadbalancer\4.3.0\spring-cloud-starter-loadbalancer-4.3.0.jar;C:\Users\pushk\.m2\repository\org\springframework\cloud\spring-cloud-loadbalancer\4.3.0\spring-cloud-loadbalancer-4.3.0.jar;C:\Users\pushk\.m2\repository\io\projectreactor\reactor-core\3.7.7\reactor-core-3.7.7.jar;C:\Users\pushk\.m2\repository\org\reactivestreams\reactive-streams\1.0.4\reactive-streams-1.0.4.jar;C:\Users\pushk\.m2\repository\io\projectreactor\addons\reactor-extra\3.5.2\reactor-extra-3.5.2.jar;C:\Users\pushk\.m2\repository\org\springframework\boot\spring-boot-starter-cache\3.5.3\spring-boot-starter-cache-3.5.3.jar;C:\Users\pushk\.m2\repository\org\springframework\spring-context-support\6.2.8\spring-context-support-6.2.8.jar;C:\Users\pushk\.m2\repository\com\stoyanr\evictor\1.0.0\evictor-1.0.0.jar;C:\Users\pushk\.m2\repository\org\postgresql\postgresql\42.7.7\postgresql-42.7.7.jar;C:\Users\pushk\.m2\repository\org\checkerframework\checker-qual\3.49.3\checker-qual-3.49.3.jar;C:\Users\pushk\.m2\repository\org\projectlombok\lombok\1.18.38\lombok-1.18.38.jar;C:\Users\pushk\.m2\repository\jakarta\xml\bind\jakarta.xml.bind-api\4.0.2\jakarta.xml.bind-api-4.0.2.jar;C:\Users\pushk\.m2\repository\jakarta\activation\jakarta.activation-api\2.1.3\jakarta.activation-api-2.1.3.jar;C:\Users\pushk\.m2\repository\org\springframework\spring-core\6.2.8\spring-core-6.2.8.jar;C:\Users\pushk\.m2\repository\org\springframework\spring-jcl\6.2.8\spring-jcl-6.2.8.jar
Launcher Type: SUN_STANDARD

[Global flags]
     intx CICompilerCount                          = 4                                         {product} {ergonomic}
     uint ConcGCThreads                            = 3                                         {product} {ergonomic}
     uint G1ConcRefinementThreads                  = 10                                        {product} {ergonomic}
   size_t G1HeapRegionSize                         = 1048576                                   {product} {ergonomic}
   size_t InitialHeapSize                          = 98566144                                  {product} {ergonomic}
   size_t MarkStackSize                            = 4194304                                   {product} {ergonomic}
   size_t MaxHeapSize                              = 1572864000                                {product} {ergonomic}
   size_t MaxNewSize                               = 943718400                                 {product} {ergonomic}
   size_t MinHeapDeltaBytes                        = 1048576                                   {product} {ergonomic}
   size_t MinHeapSize                              = 8388608                                   {product} {ergonomic}
    uintx NonNMethodCodeHeapSize                   = 5839372                                {pd product} {ergonomic}
    uintx NonProfiledCodeHeapSize                  = 122909434                              {pd product} {ergonomic}
    uintx ProfiledCodeHeapSize                     = 122909434                              {pd product} {ergonomic}
    uintx ReservedCodeCacheSize                    = 251658240                              {pd product} {ergonomic}
     bool SegmentedCodeCache                       = true                                      {product} {ergonomic}
   size_t SoftMaxHeapSize                          = 1572864000                             {manageable} {ergonomic}
     bool UseCompressedOops                        = true                           {product lp64_product} {ergonomic}
     bool UseG1GC                                  = true                                      {product} {ergonomic}
     bool UseLargePagesIndividualAllocation        = false                                  {pd product} {ergonomic}

Logging:
Log output configuration:
 #0: stdout all=warning uptime,level,tags foldmultilines=false
 #1: stderr all=off uptime,level,tags foldmultilines=false

Environment Variables:
PATH=C:\Users\pushk\AppData\Local\Programs\Python\Python313\Scripts\;C:\Users\pushk\AppData\Local\Programs\Python\Python313\;C:\Program Files\Common Files\Oracle\Java\javapath;C:\Program Files (x86)\Common Files\Oracle\Java\java8path;C:\Program Files (x86)\Common Files\Oracle\Java\javapath;C:\Program Files (x86)\VMware\VMware Player\bin\;C:\Windows\system32;C:\Windows;C:\Windows\System32\Wbem;C:\Windows\System32\WindowsPowerShell\v1.0\;C:\Windows\System32\OpenSSH\;C:\Program Files (x86)\NVIDIA Corporation\PhysX\Common;C:\Program Files\NVIDIA Corporation\NVIDIA NvDLISR;C:\WINDOWS\system32;C:\WINDOWS;C:\WINDOWS\System32\Wbem;C:\WINDOWS\System32\WindowsPowerShell\v1.0\;C:\WINDOWS\System32\OpenSSH\;C:\Program Files\Microsoft VS Code\bin;C:\MinGW\bin;C:\Program Files\Git\cmd;C:\Program Files\MongoDB\Server\7.0\bin;C:\Program Files\MongoDB\Server\7.0\bin\bin;C:\Program Files (x86)\Google\Cloud SDK\google-cloud-sdk\bin;C:\Program Files\MySQL\MySQL Server 8.0\bin;C:\Program Files\nodejs\;C:\ProgramData\chocolatey\bin;C:\Program Files\MySQL\MySQL Shell 8.0\bin\;C:\Users\pushk\AppData\Local\Microsoft\WindowsApps;C:\Users\pushk\AppData\Local\JetBrains\PyCharm Community Edition 2023.2\bin;;C:\Users\pushk\AppData\Local\Programs\Microsoft VS Code\bin;C:\Program Files\Java\jdk-22\bin;C:\Users\pushk\AppData\Local\Programs\mongosh\;C:\Program Files\MongoDB\Server\7.0\bin;C:\Program Files\MongoDB\Tools\100\bin;C:\Program Files\PostgreSQL\17\bin;C:\Program Files (x86)\Google\google_appengine\;C:\Program Files\JetBrains\IntelliJ IDEA Community Edition 2025.1.3\bin;;C:\Users\pushk\AppData\Roaming\npm
USERNAME=pushk
OS=Windows_NT
PROCESSOR_IDENTIFIER=AMD64 Family 25 Model 80 Stepping 0, AuthenticAMD
TMP=C:\Users\pushk\AppData\Local\Temp
TEMP=C:\Users\pushk\AppData\Local\Temp




Periodic native trim disabled

---------------  S Y S T E M  ---------------

OS:
 Windows 11 , 64 bit Build 22621 (10.0.22621.5415)
OS uptime: 2 days 18:26 hours
Hyper-V role detected

CPU: total 12 (initial active 12) (12 cores per cpu, 2 threads per core) family 25 model 80 stepping 0 microcode 0x0, cx8, cmov, fxsr, ht, mmx, 3dnowpref, sse, sse2, sse3, ssse3, sse4a, sse4.1, sse4.2, popcnt, lzcnt, tsc, tscinvbit, avx, avx2, aes, erms, clmul, bmi1, bmi2, adx, sha, fma, vzeroupper, clflush, clflushopt, hv, rdtscp, rdpid, fsrm, f16c, cet_ss
Processor Information for processor 0
  Max Mhz: 3301, Current Mhz: 3301, Mhz Limit: 3301
Processor Information for processor 1
  Max Mhz: 3301, Current Mhz: 3301, Mhz Limit: 3301
Processor Information for processor 2
  Max Mhz: 3301, Current Mhz: 2011, Mhz Limit: 3301
Processor Information for processor 3
  Max Mhz: 3301, Current Mhz: 2011, Mhz Limit: 3301
Processor Information for processor 4
  Max Mhz: 3301, Current Mhz: 2011, Mhz Limit: 3301
Processor Information for processor 5
  Max Mhz: 3301, Current Mhz: 2011, Mhz Limit: 3301
Processor Information for processor 6
  Max Mhz: 3301, Current Mhz: 2011, Mhz Limit: 3301
Processor Information for processor 7
  Max Mhz: 3301, Current Mhz: 2011, Mhz Limit: 3301
Processor Information for processor 8
  Max Mhz: 3301, Current Mhz: 2011, Mhz Limit: 3301
Processor Information for processor 9
  Max Mhz: 3301, Current Mhz: 2011, Mhz Limit: 3301
Processor Information for processor 10
  Max Mhz: 3301, Current Mhz: 2011, Mhz Limit: 3301
Processor Information for processor 11
  Max Mhz: 3301, Current Mhz: 2011, Mhz Limit: 3301

Memory: 4k page, system-wide physical 5996M (466M free)
TotalPageFile size 24428M (AvailPageFile size 1M)
current process WorkingSet (physical memory assigned to process): 160M, peak: 309M
current process commit charge ("private bytes"): 341M, peak: 351M

vm_info: Java HotSpot(TM) 64-Bit Server VM (22.0.2+9-70) for windows-amd64 JRE (22.0.2+9-70), built on 2024-06-04T16:52:23Z by "mach5one" with MS VC++ 17.6 (VS2022)

END.
